<?xml version="1.0" encoding="UTF-8"?>
<testsuite name="ReqResTests_7" tests="1" skipped="0" failures="0" errors="0" timestamp="2022-07-21T03:52:01" hostname="AR-IT25022" time="0.802">
  <properties/>
  <testcase name="createUserTest" classname="ReqResTests_7" time="0.802"/>
  <system-out><![CDATA[Request method:	POST
Request URI:	https://reqres.in/api/users
Proxy:			<none>
Request params:	<none>
Query params:	<none>
Form params:	<none>
Path params:	<none>
Headers:		Accept=*/*
				Content-Type=application/json; charset=UTF-8
Cookies:		<none>
Multiparts:		<none>
Body:
{
    "name": "morpheus",
    "job": "leader"
}
Request method:	POST
Request URI:	https://reqres.in/api/users
Proxy:			<none>
Request params:	<none>
Query params:	<none>
Form params:	<none>
Path params:	<none>
Headers:		Accept=*/*
				Content-Type=application/json; charset=UTF-8
Cookies:		<none>
Multiparts:		<none>
Body:
{
    "name": "morpheus",
    "job": "leader"
}
Request method:	POST
Request URI:	https://reqres.in/api/users
Proxy:			<none>
Request params:	<none>
Query params:	<none>
Form params:	<none>
Path params:	<none>
Headers:		Accept=*/*
				Content-Type=application/json; charset=UTF-8
Cookies:		<none>
Multiparts:		<none>
Body:
{
    "name": "morpheus",
    "job": "leader"
}
Request method:	POST
Request URI:	https://reqres.in/api/users
Proxy:			<none>
Request params:	<none>
Query params:	<none>
Form params:	<none>
Path params:	<none>
Headers:		Accept=*/*
				Content-Type=application/json; charset=UTF-8
Cookies:		<none>
Multiparts:		<none>
Body:
{
    "name": "morpheus",
    "job": "leader"
}
Request method:	POST
Request URI:	https://reqres.in/api/users
Proxy:			<none>
Request params:	<none>
Query params:	<none>
Form params:	<none>
Path params:	<none>
Headers:		Accept=*/*
				Content-Type=application/json; charset=UTF-8
Cookies:		<none>
Multiparts:		<none>
Body:
{
    "name": "morpheus",
    "job": "leader"
}
Request method:	POST
Request URI:	https://reqres.in/api/users
Proxy:			<none>
Request params:	<none>
Query params:	<none>
Form params:	<none>
Path params:	<none>
Headers:		Accept=*/*
				Content-Type=application/json; charset=UTF-8
Cookies:		<none>
Multiparts:		<none>
Body:
{
    "name": "morpheus",
    "job": "leader"
}
Request method:	POST
Request URI:	https://reqres.in/api/users
Proxy:			<none>
Request params:	<none>
Query params:	<none>
Form params:	<none>
Path params:	<none>
Headers:		Accept=*/*
				Content-Type=application/json; charset=UTF-8
Cookies:		<none>
Multiparts:		<none>
Body:
{
    "name": "morpheus",
    "job": "leader"
}
Request method:	POST
Request URI:	https://reqres.in/api/users
Proxy:			<none>
Request params:	<none>
Query params:	<none>
Form params:	<none>
Path params:	<none>
Headers:		Accept=*/*
				Content-Type=application/json; charset=UTF-8
Cookies:		<none>
Multiparts:		<none>
Body:
{
    "name": "morpheus",
    "job": "leader"
}
HTTP/1.1 201 Created
Date: Thu, 21 Jul 2022 03:51:16 GMT
Content-Type: application/json; charset=utf-8
Content-Length: 84
Connection: keep-alive
X-Powered-By: Express
Access-Control-Allow-Origin: *
Etag: W/"54-9ROKSeVuexff9uG3nFG6YUyg+Dk"
Via: 1.1 vegur
CF-Cache-Status: DYNAMIC
Expect-CT: max-age=604800, report-uri="https://report-uri.cloudflare.com/cdn-cgi/beacon/expect-ct"
Report-To: {"endpoints":[{"url":"https:\/\/a.nel.cloudflare.com\/report\/v3?s=s8jQYCLWEXN2SwPMYfiaOEU90gamUK8DxycnWK7p7b2D34Ti9Mz8mVm7m0V802ZTuly%2BLq4PxoXFNe5P3LuL55GJpCu%2BzCF1U1js2oE34aKm1pfbLZS0nIbn7g%3D%3D"}],"group":"cf-nel","max_age":604800}
NEL: {"success_fraction":0,"report_to":"cf-nel","max_age":604800}
Server: cloudflare
CF-RAY: 72e0fa24dca7ba77-EZE

{
    "name": "morpheus",
    "job": "leader",
    "id": "574",
    "createdAt": "2022-07-21T03:51:16.364Z"
}
HTTP/1.1 201 Created
Date: Thu, 21 Jul 2022 03:51:16 GMT
Content-Type: application/json; charset=utf-8
Content-Length: 84
Connection: keep-alive
X-Powered-By: Express
Access-Control-Allow-Origin: *
Etag: W/"54-9ROKSeVuexff9uG3nFG6YUyg+Dk"
Via: 1.1 vegur
CF-Cache-Status: DYNAMIC
Expect-CT: max-age=604800, report-uri="https://report-uri.cloudflare.com/cdn-cgi/beacon/expect-ct"
Report-To: {"endpoints":[{"url":"https:\/\/a.nel.cloudflare.com\/report\/v3?s=s8jQYCLWEXN2SwPMYfiaOEU90gamUK8DxycnWK7p7b2D34Ti9Mz8mVm7m0V802ZTuly%2BLq4PxoXFNe5P3LuL55GJpCu%2BzCF1U1js2oE34aKm1pfbLZS0nIbn7g%3D%3D"}],"group":"cf-nel","max_age":604800}
NEL: {"success_fraction":0,"report_to":"cf-nel","max_age":604800}
Server: cloudflare
CF-RAY: 72e0fa24dca7ba77-EZE

{
    "name": "morpheus",
    "job": "leader",
    "id": "574",
    "createdAt": "2022-07-21T03:51:16.364Z"
}
HTTP/1.1 201 Created
Date: Thu, 21 Jul 2022 03:51:16 GMT
Content-Type: application/json; charset=utf-8
Content-Length: 84
Connection: keep-alive
X-Powered-By: Express
Access-Control-Allow-Origin: *
Etag: W/"54-9ROKSeVuexff9uG3nFG6YUyg+Dk"
Via: 1.1 vegur
CF-Cache-Status: DYNAMIC
Expect-CT: max-age=604800, report-uri="https://report-uri.cloudflare.com/cdn-cgi/beacon/expect-ct"
Report-To: {"endpoints":[{"url":"https:\/\/a.nel.cloudflare.com\/report\/v3?s=s8jQYCLWEXN2SwPMYfiaOEU90gamUK8DxycnWK7p7b2D34Ti9Mz8mVm7m0V802ZTuly%2BLq4PxoXFNe5P3LuL55GJpCu%2BzCF1U1js2oE34aKm1pfbLZS0nIbn7g%3D%3D"}],"group":"cf-nel","max_age":604800}
NEL: {"success_fraction":0,"report_to":"cf-nel","max_age":604800}
Server: cloudflare
CF-RAY: 72e0fa24dca7ba77-EZE

{
    "name": "morpheus",
    "job": "leader",
    "id": "574",
    "createdAt": "2022-07-21T03:51:16.364Z"
}
HTTP/1.1 201 Created
Date: Thu, 21 Jul 2022 03:51:16 GMT
Content-Type: application/json; charset=utf-8
Content-Length: 84
Connection: keep-alive
X-Powered-By: Express
Access-Control-Allow-Origin: *
Etag: W/"54-9ROKSeVuexff9uG3nFG6YUyg+Dk"
Via: 1.1 vegur
CF-Cache-Status: DYNAMIC
Expect-CT: max-age=604800, report-uri="https://report-uri.cloudflare.com/cdn-cgi/beacon/expect-ct"
Report-To: {"endpoints":[{"url":"https:\/\/a.nel.cloudflare.com\/report\/v3?s=s8jQYCLWEXN2SwPMYfiaOEU90gamUK8DxycnWK7p7b2D34Ti9Mz8mVm7m0V802ZTuly%2BLq4PxoXFNe5P3LuL55GJpCu%2BzCF1U1js2oE34aKm1pfbLZS0nIbn7g%3D%3D"}],"group":"cf-nel","max_age":604800}
NEL: {"success_fraction":0,"report_to":"cf-nel","max_age":604800}
Server: cloudflare
CF-RAY: 72e0fa24dca7ba77-EZE

{
    "name": "morpheus",
    "job": "leader",
    "id": "574",
    "createdAt": "2022-07-21T03:51:16.364Z"
}
HTTP/1.1 201 Created
Date: Thu, 21 Jul 2022 03:51:16 GMT
Content-Type: application/json; charset=utf-8
Content-Length: 84
Connection: keep-alive
X-Powered-By: Express
Access-Control-Allow-Origin: *
Etag: W/"54-9ROKSeVuexff9uG3nFG6YUyg+Dk"
Via: 1.1 vegur
CF-Cache-Status: DYNAMIC
Expect-CT: max-age=604800, report-uri="https://report-uri.cloudflare.com/cdn-cgi/beacon/expect-ct"
Report-To: {"endpoints":[{"url":"https:\/\/a.nel.cloudflare.com\/report\/v3?s=s8jQYCLWEXN2SwPMYfiaOEU90gamUK8DxycnWK7p7b2D34Ti9Mz8mVm7m0V802ZTuly%2BLq4PxoXFNe5P3LuL55GJpCu%2BzCF1U1js2oE34aKm1pfbLZS0nIbn7g%3D%3D"}],"group":"cf-nel","max_age":604800}
NEL: {"success_fraction":0,"report_to":"cf-nel","max_age":604800}
Server: cloudflare
CF-RAY: 72e0fa24dca7ba77-EZE

{
    "name": "morpheus",
    "job": "leader",
    "id": "574",
    "createdAt": "2022-07-21T03:51:16.364Z"
}
HTTP/1.1 201 Created
Date: Thu, 21 Jul 2022 03:51:16 GMT
Content-Type: application/json; charset=utf-8
Content-Length: 84
Connection: keep-alive
X-Powered-By: Express
Access-Control-Allow-Origin: *
Etag: W/"54-9ROKSeVuexff9uG3nFG6YUyg+Dk"
Via: 1.1 vegur
CF-Cache-Status: DYNAMIC
Expect-CT: max-age=604800, report-uri="https://report-uri.cloudflare.com/cdn-cgi/beacon/expect-ct"
Report-To: {"endpoints":[{"url":"https:\/\/a.nel.cloudflare.com\/report\/v3?s=s8jQYCLWEXN2SwPMYfiaOEU90gamUK8DxycnWK7p7b2D34Ti9Mz8mVm7m0V802ZTuly%2BLq4PxoXFNe5P3LuL55GJpCu%2BzCF1U1js2oE34aKm1pfbLZS0nIbn7g%3D%3D"}],"group":"cf-nel","max_age":604800}
NEL: {"success_fraction":0,"report_to":"cf-nel","max_age":604800}
Server: cloudflare
CF-RAY: 72e0fa24dca7ba77-EZE

{
    "name": "morpheus",
    "job": "leader",
    "id": "574",
    "createdAt": "2022-07-21T03:51:16.364Z"
}
HTTP/1.1 201 Created
Date: Thu, 21 Jul 2022 03:51:16 GMT
Content-Type: application/json; charset=utf-8
Content-Length: 84
Connection: keep-alive
X-Powered-By: Express
Access-Control-Allow-Origin: *
Etag: W/"54-9ROKSeVuexff9uG3nFG6YUyg+Dk"
Via: 1.1 vegur
CF-Cache-Status: DYNAMIC
Expect-CT: max-age=604800, report-uri="https://report-uri.cloudflare.com/cdn-cgi/beacon/expect-ct"
Report-To: {"endpoints":[{"url":"https:\/\/a.nel.cloudflare.com\/report\/v3?s=s8jQYCLWEXN2SwPMYfiaOEU90gamUK8DxycnWK7p7b2D34Ti9Mz8mVm7m0V802ZTuly%2BLq4PxoXFNe5P3LuL55GJpCu%2BzCF1U1js2oE34aKm1pfbLZS0nIbn7g%3D%3D"}],"group":"cf-nel","max_age":604800}
NEL: {"success_fraction":0,"report_to":"cf-nel","max_age":604800}
Server: cloudflare
CF-RAY: 72e0fa24dca7ba77-EZE

{
    "name": "morpheus",
    "job": "leader",
    "id": "574",
    "createdAt": "2022-07-21T03:51:16.364Z"
}
HTTP/1.1 201 Created
Date: Thu, 21 Jul 2022 03:51:16 GMT
Content-Type: application/json; charset=utf-8
Content-Length: 84
Connection: keep-alive
X-Powered-By: Express
Access-Control-Allow-Origin: *
Etag: W/"54-9ROKSeVuexff9uG3nFG6YUyg+Dk"
Via: 1.1 vegur
CF-Cache-Status: DYNAMIC
Expect-CT: max-age=604800, report-uri="https://report-uri.cloudflare.com/cdn-cgi/beacon/expect-ct"
Report-To: {"endpoints":[{"url":"https:\/\/a.nel.cloudflare.com\/report\/v3?s=s8jQYCLWEXN2SwPMYfiaOEU90gamUK8DxycnWK7p7b2D34Ti9Mz8mVm7m0V802ZTuly%2BLq4PxoXFNe5P3LuL55GJpCu%2BzCF1U1js2oE34aKm1pfbLZS0nIbn7g%3D%3D"}],"group":"cf-nel","max_age":604800}
NEL: {"success_fraction":0,"report_to":"cf-nel","max_age":604800}
Server: cloudflare
CF-RAY: 72e0fa24dca7ba77-EZE

{
    "name": "morpheus",
    "job": "leader",
    "id": "574",
    "createdAt": "2022-07-21T03:51:16.364Z"
}
****************************************
User{createdAt='2022-07-21T03:51:16.364Z', name='morpheus', id='574', job='leader'}
]]></system-out>
  <system-err><![CDATA[]]></system-err>
</testsuite>
