<?xml version="1.0" encoding="UTF-8"?>
<testsuite name="ReqResTests_1" tests="1" skipped="0" failures="0" errors="0" timestamp="2022-07-22T16:03:15" hostname="AR-IT25022" time="3.292">
  <properties/>
  <testcase name="loginTest" classname="ReqResTests_1" time="3.292"/>
  <system-out><![CDATA[HTTP/1.1 200 OK
Date: Fri, 22 Jul 2022 16:02:33 GMT
Content-Type: application/json; charset=utf-8
Content-Length: 29
Connection: keep-alive
X-Powered-By: Express
Access-Control-Allow-Origin: *
Etag: W/"1d-lGCrvD6B7Qzk11+2C98+nGhhuec"
Via: 1.1 vegur
CF-Cache-Status: DYNAMIC
Expect-CT: max-age=604800, report-uri="https://report-uri.cloudflare.com/cdn-cgi/beacon/expect-ct"
Report-To: {"endpoints":[{"url":"https:\/\/a.nel.cloudflare.com\/report\/v3?s=PYQ4W2%2B%2BfogwypWguui7NiCrp3VYXGujGRyTsOXLaWlqW1DL%2FPpv4YRyRhsxH5D%2BCGMHyeiD1kA3l7ek41PwtTLflRYoajCkQULl8qTZTwpMAWTrTkfOto4JIA%3D%3D"}],"group":"cf-nel","max_age":604800}
NEL: {"success_fraction":0,"report_to":"cf-nel","max_age":604800}
Server: cloudflare
CF-RAY: 72ed66b78a32c1a0-EZE

{
    "token": "QpwL5tke4Pnpja7X4"
}
{"token":"QpwL5tke4Pnpja7X4"}
]]></system-out>
  <system-err><![CDATA[]]></system-err>
</testsuite>
