<?xml version="1.0" encoding="UTF-8"?>
<testsuite name="ReqResTests_8" tests="1" skipped="0" failures="0" errors="0" timestamp="2022-02-01T20:11:53" hostname="AR-IT25022" time="1.304">
  <properties/>
  <testcase name="registerUserTest" classname="ReqResTests_8" time="1.304"/>
  <system-out><![CDATA[2022-02-01T17:11:53,123 [Test worker] INFO  (ReqResTests_8.java:23) - Iniciando la configuracion
2022-02-01T17:11:53,134 [Test worker] INFO  (ReqResTests_8.java:30) - finalizando la configuraciÃ³n
Request method:	POST
Request URI:	https://reqres.in/api/register
Proxy:			<none>
Request params:	<none>
Query params:	<none>
Form params:	<none>
Path params:	<none>
Headers:		Accept=*/*
				Content-Type=application/json; charset=UTF-8
Cookies:		<none>
Multiparts:		<none>
Body:
{
    "password": "pistol",
    "email": "eve.holt@reqres.in"
}
Request method:	POST
Request URI:	https://reqres.in/api/register
Proxy:			<none>
Request params:	<none>
Query params:	<none>
Form params:	<none>
Path params:	<none>
Headers:		Accept=*/*
				Content-Type=application/json; charset=UTF-8
Cookies:		<none>
Multiparts:		<none>
Body:
{
    "password": "pistol",
    "email": "eve.holt@reqres.in"
}
Request method:	POST
Request URI:	https://reqres.in/api/register
Proxy:			<none>
Request params:	<none>
Query params:	<none>
Form params:	<none>
Path params:	<none>
Headers:		Accept=*/*
				Content-Type=application/json; charset=UTF-8
Cookies:		<none>
Multiparts:		<none>
Body:
{
    "password": "pistol",
    "email": "eve.holt@reqres.in"
}
Request method:	POST
Request URI:	https://reqres.in/api/register
Proxy:			<none>
Request params:	<none>
Query params:	<none>
Form params:	<none>
Path params:	<none>
Headers:		Accept=*/*
				Content-Type=application/json; charset=UTF-8
Cookies:		<none>
Multiparts:		<none>
Body:
{
    "password": "pistol",
    "email": "eve.holt@reqres.in"
}
Request method:	POST
Request URI:	https://reqres.in/api/register
Proxy:			<none>
Request params:	<none>
Query params:	<none>
Form params:	<none>
Path params:	<none>
Headers:		Accept=*/*
				Content-Type=application/json; charset=UTF-8
Cookies:		<none>
Multiparts:		<none>
Body:
{
    "password": "pistol",
    "email": "eve.holt@reqres.in"
}
Request method:	POST
Request URI:	https://reqres.in/api/register
Proxy:			<none>
Request params:	<none>
Query params:	<none>
Form params:	<none>
Path params:	<none>
Headers:		Accept=*/*
				Content-Type=application/json; charset=UTF-8
Cookies:		<none>
Multiparts:		<none>
Body:
{
    "password": "pistol",
    "email": "eve.holt@reqres.in"
}
Request method:	POST
Request URI:	https://reqres.in/api/register
Proxy:			<none>
Request params:	<none>
Query params:	<none>
Form params:	<none>
Path params:	<none>
Headers:		Accept=*/*
				Content-Type=application/json; charset=UTF-8
Cookies:		<none>
Multiparts:		<none>
Body:
{
    "password": "pistol",
    "email": "eve.holt@reqres.in"
}
Request method:	POST
Request URI:	https://reqres.in/api/register
Proxy:			<none>
Request params:	<none>
Query params:	<none>
Form params:	<none>
Path params:	<none>
Headers:		Accept=*/*
				Content-Type=application/json; charset=UTF-8
Cookies:		<none>
Multiparts:		<none>
Body:
{
    "password": "pistol",
    "email": "eve.holt@reqres.in"
}
HTTP/1.1 200 OK
Date: Tue, 01 Feb 2022 20:11:53 GMT
Content-Type: application/json; charset=utf-8
Content-Length: 36
Connection: keep-alive
x-powered-by: Express
access-control-allow-origin: *
etag: W/"24-4iP0za1geN2he+ohu8F0FhCjLks"
via: 1.1 vegur
CF-Cache-Status: DYNAMIC
Expect-CT: max-age=604800, report-uri="https://report-uri.cloudflare.com/cdn-cgi/beacon/expect-ct"
Report-To: {"endpoints":[{"url":"https:\/\/a.nel.cloudflare.com\/report\/v3?s=U5jZyV70hSbHQir%2BTuTtlphTyKPB63bBu2FsQT2Nat7bFITTnbxdQAq72RG0rYelJyfph%2F5kyueEme1p%2BTMlaxUQB7HOAR9I%2F0K4cq5bF2JkEDJzylQ%2Bj89ADBQ%3D"}],"group":"cf-nel","max_age":604800}
NEL: {"success_fraction":0,"report_to":"cf-nel","max_age":604800}
Server: cloudflare
CF-RAY: 6d6dd4dcbbdf67ce-MIA
alt-svc: h3=":443"; ma=86400, h3-29=":443"; ma=86400

{
    "id": 4,
    "token": "QpwL5tke4Pnpja7X4"
}
HTTP/1.1 200 OK
Date: Tue, 01 Feb 2022 20:11:53 GMT
Content-Type: application/json; charset=utf-8
Content-Length: 36
Connection: keep-alive
x-powered-by: Express
access-control-allow-origin: *
etag: W/"24-4iP0za1geN2he+ohu8F0FhCjLks"
via: 1.1 vegur
CF-Cache-Status: DYNAMIC
Expect-CT: max-age=604800, report-uri="https://report-uri.cloudflare.com/cdn-cgi/beacon/expect-ct"
Report-To: {"endpoints":[{"url":"https:\/\/a.nel.cloudflare.com\/report\/v3?s=U5jZyV70hSbHQir%2BTuTtlphTyKPB63bBu2FsQT2Nat7bFITTnbxdQAq72RG0rYelJyfph%2F5kyueEme1p%2BTMlaxUQB7HOAR9I%2F0K4cq5bF2JkEDJzylQ%2Bj89ADBQ%3D"}],"group":"cf-nel","max_age":604800}
NEL: {"success_fraction":0,"report_to":"cf-nel","max_age":604800}
Server: cloudflare
CF-RAY: 6d6dd4dcbbdf67ce-MIA
alt-svc: h3=":443"; ma=86400, h3-29=":443"; ma=86400

{
    "id": 4,
    "token": "QpwL5tke4Pnpja7X4"
}
HTTP/1.1 200 OK
Date: Tue, 01 Feb 2022 20:11:53 GMT
Content-Type: application/json; charset=utf-8
Content-Length: 36
Connection: keep-alive
x-powered-by: Express
access-control-allow-origin: *
etag: W/"24-4iP0za1geN2he+ohu8F0FhCjLks"
via: 1.1 vegur
CF-Cache-Status: DYNAMIC
Expect-CT: max-age=604800, report-uri="https://report-uri.cloudflare.com/cdn-cgi/beacon/expect-ct"
Report-To: {"endpoints":[{"url":"https:\/\/a.nel.cloudflare.com\/report\/v3?s=U5jZyV70hSbHQir%2BTuTtlphTyKPB63bBu2FsQT2Nat7bFITTnbxdQAq72RG0rYelJyfph%2F5kyueEme1p%2BTMlaxUQB7HOAR9I%2F0K4cq5bF2JkEDJzylQ%2Bj89ADBQ%3D"}],"group":"cf-nel","max_age":604800}
NEL: {"success_fraction":0,"report_to":"cf-nel","max_age":604800}
Server: cloudflare
CF-RAY: 6d6dd4dcbbdf67ce-MIA
alt-svc: h3=":443"; ma=86400, h3-29=":443"; ma=86400

{
    "id": 4,
    "token": "QpwL5tke4Pnpja7X4"
}
HTTP/1.1 200 OK
Date: Tue, 01 Feb 2022 20:11:53 GMT
Content-Type: application/json; charset=utf-8
Content-Length: 36
Connection: keep-alive
x-powered-by: Express
access-control-allow-origin: *
etag: W/"24-4iP0za1geN2he+ohu8F0FhCjLks"
via: 1.1 vegur
CF-Cache-Status: DYNAMIC
Expect-CT: max-age=604800, report-uri="https://report-uri.cloudflare.com/cdn-cgi/beacon/expect-ct"
Report-To: {"endpoints":[{"url":"https:\/\/a.nel.cloudflare.com\/report\/v3?s=U5jZyV70hSbHQir%2BTuTtlphTyKPB63bBu2FsQT2Nat7bFITTnbxdQAq72RG0rYelJyfph%2F5kyueEme1p%2BTMlaxUQB7HOAR9I%2F0K4cq5bF2JkEDJzylQ%2Bj89ADBQ%3D"}],"group":"cf-nel","max_age":604800}
NEL: {"success_fraction":0,"report_to":"cf-nel","max_age":604800}
Server: cloudflare
CF-RAY: 6d6dd4dcbbdf67ce-MIA
alt-svc: h3=":443"; ma=86400, h3-29=":443"; ma=86400

{
    "id": 4,
    "token": "QpwL5tke4Pnpja7X4"
}
HTTP/1.1 200 OK
Date: Tue, 01 Feb 2022 20:11:53 GMT
Content-Type: application/json; charset=utf-8
Content-Length: 36
Connection: keep-alive
x-powered-by: Express
access-control-allow-origin: *
etag: W/"24-4iP0za1geN2he+ohu8F0FhCjLks"
via: 1.1 vegur
CF-Cache-Status: DYNAMIC
Expect-CT: max-age=604800, report-uri="https://report-uri.cloudflare.com/cdn-cgi/beacon/expect-ct"
Report-To: {"endpoints":[{"url":"https:\/\/a.nel.cloudflare.com\/report\/v3?s=U5jZyV70hSbHQir%2BTuTtlphTyKPB63bBu2FsQT2Nat7bFITTnbxdQAq72RG0rYelJyfph%2F5kyueEme1p%2BTMlaxUQB7HOAR9I%2F0K4cq5bF2JkEDJzylQ%2Bj89ADBQ%3D"}],"group":"cf-nel","max_age":604800}
NEL: {"success_fraction":0,"report_to":"cf-nel","max_age":604800}
Server: cloudflare
CF-RAY: 6d6dd4dcbbdf67ce-MIA
alt-svc: h3=":443"; ma=86400, h3-29=":443"; ma=86400

{
    "id": 4,
    "token": "QpwL5tke4Pnpja7X4"
}
HTTP/1.1 200 OK
Date: Tue, 01 Feb 2022 20:11:53 GMT
Content-Type: application/json; charset=utf-8
Content-Length: 36
Connection: keep-alive
x-powered-by: Express
access-control-allow-origin: *
etag: W/"24-4iP0za1geN2he+ohu8F0FhCjLks"
via: 1.1 vegur
CF-Cache-Status: DYNAMIC
Expect-CT: max-age=604800, report-uri="https://report-uri.cloudflare.com/cdn-cgi/beacon/expect-ct"
Report-To: {"endpoints":[{"url":"https:\/\/a.nel.cloudflare.com\/report\/v3?s=U5jZyV70hSbHQir%2BTuTtlphTyKPB63bBu2FsQT2Nat7bFITTnbxdQAq72RG0rYelJyfph%2F5kyueEme1p%2BTMlaxUQB7HOAR9I%2F0K4cq5bF2JkEDJzylQ%2Bj89ADBQ%3D"}],"group":"cf-nel","max_age":604800}
NEL: {"success_fraction":0,"report_to":"cf-nel","max_age":604800}
Server: cloudflare
CF-RAY: 6d6dd4dcbbdf67ce-MIA
alt-svc: h3=":443"; ma=86400, h3-29=":443"; ma=86400

{
    "id": 4,
    "token": "QpwL5tke4Pnpja7X4"
}
HTTP/1.1 200 OK
Date: Tue, 01 Feb 2022 20:11:53 GMT
Content-Type: application/json; charset=utf-8
Content-Length: 36
Connection: keep-alive
x-powered-by: Express
access-control-allow-origin: *
etag: W/"24-4iP0za1geN2he+ohu8F0FhCjLks"
via: 1.1 vegur
CF-Cache-Status: DYNAMIC
Expect-CT: max-age=604800, report-uri="https://report-uri.cloudflare.com/cdn-cgi/beacon/expect-ct"
Report-To: {"endpoints":[{"url":"https:\/\/a.nel.cloudflare.com\/report\/v3?s=U5jZyV70hSbHQir%2BTuTtlphTyKPB63bBu2FsQT2Nat7bFITTnbxdQAq72RG0rYelJyfph%2F5kyueEme1p%2BTMlaxUQB7HOAR9I%2F0K4cq5bF2JkEDJzylQ%2Bj89ADBQ%3D"}],"group":"cf-nel","max_age":604800}
NEL: {"success_fraction":0,"report_to":"cf-nel","max_age":604800}
Server: cloudflare
CF-RAY: 6d6dd4dcbbdf67ce-MIA
alt-svc: h3=":443"; ma=86400, h3-29=":443"; ma=86400

{
    "id": 4,
    "token": "QpwL5tke4Pnpja7X4"
}
HTTP/1.1 200 OK
Date: Tue, 01 Feb 2022 20:11:53 GMT
Content-Type: application/json; charset=utf-8
Content-Length: 36
Connection: keep-alive
x-powered-by: Express
access-control-allow-origin: *
etag: W/"24-4iP0za1geN2he+ohu8F0FhCjLks"
via: 1.1 vegur
CF-Cache-Status: DYNAMIC
Expect-CT: max-age=604800, report-uri="https://report-uri.cloudflare.com/cdn-cgi/beacon/expect-ct"
Report-To: {"endpoints":[{"url":"https:\/\/a.nel.cloudflare.com\/report\/v3?s=U5jZyV70hSbHQir%2BTuTtlphTyKPB63bBu2FsQT2Nat7bFITTnbxdQAq72RG0rYelJyfph%2F5kyueEme1p%2BTMlaxUQB7HOAR9I%2F0K4cq5bF2JkEDJzylQ%2Bj89ADBQ%3D"}],"group":"cf-nel","max_age":604800}
NEL: {"success_fraction":0,"report_to":"cf-nel","max_age":604800}
Server: cloudflare
CF-RAY: 6d6dd4dcbbdf67ce-MIA
alt-svc: h3=":443"; ma=86400, h3-29=":443"; ma=86400

{
    "id": 4,
    "token": "QpwL5tke4Pnpja7X4"
}
******************* ASSERT *********************
]]></system-out>
  <system-err><![CDATA[]]></system-err>
</testsuite>
