<?xml version="1.0" encoding="UTF-8"?>
<testsuite name="ReqResTests_10" tests="1" skipped="0" failures="0" errors="0" timestamp="2022-07-20T18:56:00" hostname="AR-IT25022" time="3.901">
  <properties/>
  <testcase name="registerUserWithPatterBuilder" classname="ReqResTests_10" time="3.901"/>
  <system-out><![CDATA[2022-07-20T15:56:01,028 [Test worker] INFO  (BaseTest.java:21) - Iniciando la configuracion
2022-07-20T15:56:01,637 [Test worker] INFO  (ApplicationProperties.java:31) - Property file to read application-dev.properties
2022-07-20T15:56:01,704 [Test worker] INFO  (BaseTest.java:23) - finalizando la configuraciÃ³n
****************************************************
Request method:	POST
Request URI:	https://reqres.in/api/register
Proxy:			<none>
Request params:	<none>
Query params:	<none>
Form params:	<none>
Path params:	<none>
Headers:		Accept=*/*
				Content-Type=application/json; charset=UTF-8
Cookies:		<none>
Multiparts:		<none>
Body:
{
    "password": "pistol",
    "email": "eve.holt@reqres.in"
}
HTTP/1.1 200 OK
Date: Wed, 20 Jul 2022 18:55:18 GMT
Content-Type: application/json; charset=utf-8
Content-Length: 36
Connection: keep-alive
X-Powered-By: Express
Access-Control-Allow-Origin: *
Etag: W/"24-4iP0za1geN2he+ohu8F0FhCjLks"
Via: 1.1 vegur
CF-Cache-Status: DYNAMIC
Expect-CT: max-age=604800, report-uri="https://report-uri.cloudflare.com/cdn-cgi/beacon/expect-ct"
Report-To: {"endpoints":[{"url":"https:\/\/a.nel.cloudflare.com\/report\/v3?s=ecFyT8G5lkBE4MlcjxVm1F8tO7Pof2ptx6K5%2BlPpVZ4Svtc81d%2BhusIYddR6WItRX3EOwoew7Kguf%2BfDxYhSmr0h0PdHPD5iJvAvtCvA2Y9pQymeuHFnNC%2FVew%3D%3D"}],"group":"cf-nel","max_age":604800}
NEL: {"success_fraction":0,"report_to":"cf-nel","max_age":604800}
Server: cloudflare
CF-RAY: 72dde90b089aba74-EZE

{
    "id": 4,
    "token": "QpwL5tke4Pnpja7X4"
}
******************* ASSERT *********************
]]></system-out>
  <system-err><![CDATA[SLF4J: Failed to load class "org.slf4j.impl.StaticLoggerBinder".
SLF4J: Defaulting to no-operation (NOP) logger implementation
SLF4J: See http://www.slf4j.org/codes.html#StaticLoggerBinder for further details.
]]></system-err>
</testsuite>
