<?xml version="1.0" encoding="UTF-8"?>
<testsuite name="ReqResTests_4" tests="3" skipped="0" failures="0" errors="0" timestamp="2022-07-21T03:51:59" hostname="AR-IT25022" time="2.098">
  <properties/>
  <testcase name="putUserTest" classname="ReqResTests_4" time="0.767"/>
  <testcase name="patchUserTest" classname="ReqResTests_4" time="0.694"/>
  <testcase name="deleteUserTest" classname="ReqResTests_4" time="0.634"/>
  <system-out><![CDATA[Request method:	PUT
Request URI:	https://reqres.in/api/users/2
Proxy:			<none>
Request params:	<none>
Query params:	<none>
Form params:	<none>
Path params:	<none>
Headers:		Accept=*/*
				Content-Type=application/json; charset=UTF-8
Cookies:		<none>
Multiparts:		<none>
Body:
{
    "name": "morpheus",
    "job": "zion resident"
}
Request method:	PUT
Request URI:	https://reqres.in/api/users/2
Proxy:			<none>
Request params:	<none>
Query params:	<none>
Form params:	<none>
Path params:	<none>
Headers:		Accept=*/*
				Content-Type=application/json; charset=UTF-8
Cookies:		<none>
Multiparts:		<none>
Body:
{
    "name": "morpheus",
    "job": "zion resident"
}
Request method:	PUT
Request URI:	https://reqres.in/api/users/2
Proxy:			<none>
Request params:	<none>
Query params:	<none>
Form params:	<none>
Path params:	<none>
Headers:		Accept=*/*
				Content-Type=application/json; charset=UTF-8
Cookies:		<none>
Multiparts:		<none>
Body:
{
    "name": "morpheus",
    "job": "zion resident"
}
HTTP/1.1 200 OK
Date: Thu, 21 Jul 2022 03:51:13 GMT
Content-Type: application/json; charset=utf-8
Transfer-Encoding: chunked
Connection: keep-alive
X-Powered-By: Express
Access-Control-Allow-Origin: *
Etag: W/"50-lJzCN7Sxun7GrdrqwgEQt+bLQyg"
Via: 1.1 vegur
CF-Cache-Status: DYNAMIC
Expect-CT: max-age=604800, report-uri="https://report-uri.cloudflare.com/cdn-cgi/beacon/expect-ct"
Report-To: {"endpoints":[{"url":"https:\/\/a.nel.cloudflare.com\/report\/v3?s=dJ8eU%2FH3iInH3Ye7vdArcIz05c%2FXLtXovWWI6Dp5uy4GacD31B9yI%2FnHSHL8RQADZo6d%2BfUyWkowdTzIjhsyUdK5xDq12ffYig4ph2un4GjIIDtXdmsnNhE3lA%3D%3D"}],"group":"cf-nel","max_age":604800}
NEL: {"success_fraction":0,"report_to":"cf-nel","max_age":604800}
Vary: Accept-Encoding
Server: cloudflare
CF-RAY: 72e0fa15181bba79-EZE
Content-Encoding: gzip

{
    "name": "morpheus",
    "job": "zion resident",
    "updatedAt": "2022-07-21T03:51:13.830Z"
}
HTTP/1.1 200 OK
Date: Thu, 21 Jul 2022 03:51:13 GMT
Content-Type: application/json; charset=utf-8
Transfer-Encoding: chunked
Connection: keep-alive
X-Powered-By: Express
Access-Control-Allow-Origin: *
Etag: W/"50-lJzCN7Sxun7GrdrqwgEQt+bLQyg"
Via: 1.1 vegur
CF-Cache-Status: DYNAMIC
Expect-CT: max-age=604800, report-uri="https://report-uri.cloudflare.com/cdn-cgi/beacon/expect-ct"
Report-To: {"endpoints":[{"url":"https:\/\/a.nel.cloudflare.com\/report\/v3?s=dJ8eU%2FH3iInH3Ye7vdArcIz05c%2FXLtXovWWI6Dp5uy4GacD31B9yI%2FnHSHL8RQADZo6d%2BfUyWkowdTzIjhsyUdK5xDq12ffYig4ph2un4GjIIDtXdmsnNhE3lA%3D%3D"}],"group":"cf-nel","max_age":604800}
NEL: {"success_fraction":0,"report_to":"cf-nel","max_age":604800}
Vary: Accept-Encoding
Server: cloudflare
CF-RAY: 72e0fa15181bba79-EZE
Content-Encoding: gzip

{
    "name": "morpheus",
    "job": "zion resident",
    "updatedAt": "2022-07-21T03:51:13.830Z"
}
HTTP/1.1 200 OK
Date: Thu, 21 Jul 2022 03:51:13 GMT
Content-Type: application/json; charset=utf-8
Transfer-Encoding: chunked
Connection: keep-alive
X-Powered-By: Express
Access-Control-Allow-Origin: *
Etag: W/"50-lJzCN7Sxun7GrdrqwgEQt+bLQyg"
Via: 1.1 vegur
CF-Cache-Status: DYNAMIC
Expect-CT: max-age=604800, report-uri="https://report-uri.cloudflare.com/cdn-cgi/beacon/expect-ct"
Report-To: {"endpoints":[{"url":"https:\/\/a.nel.cloudflare.com\/report\/v3?s=dJ8eU%2FH3iInH3Ye7vdArcIz05c%2FXLtXovWWI6Dp5uy4GacD31B9yI%2FnHSHL8RQADZo6d%2BfUyWkowdTzIjhsyUdK5xDq12ffYig4ph2un4GjIIDtXdmsnNhE3lA%3D%3D"}],"group":"cf-nel","max_age":604800}
NEL: {"success_fraction":0,"report_to":"cf-nel","max_age":604800}
Vary: Accept-Encoding
Server: cloudflare
CF-RAY: 72e0fa15181bba79-EZE
Content-Encoding: gzip

{
    "name": "morpheus",
    "job": "zion resident",
    "updatedAt": "2022-07-21T03:51:13.830Z"
}
Request method:	PATCH
Request URI:	https://reqres.in/api/users/2
Proxy:			<none>
Request params:	<none>
Query params:	<none>
Form params:	<none>
Path params:	<none>
Headers:		Accept=*/*
				Content-Type=application/json; charset=UTF-8
Cookies:		<none>
Multiparts:		<none>
Body:
{
    "name": "morpheus",
    "job": "zion resident"
}
Request method:	PATCH
Request URI:	https://reqres.in/api/users/2
Proxy:			<none>
Request params:	<none>
Query params:	<none>
Form params:	<none>
Path params:	<none>
Headers:		Accept=*/*
				Content-Type=application/json; charset=UTF-8
Cookies:		<none>
Multiparts:		<none>
Body:
{
    "name": "morpheus",
    "job": "zion resident"
}
Request method:	PATCH
Request URI:	https://reqres.in/api/users/2
Proxy:			<none>
Request params:	<none>
Query params:	<none>
Form params:	<none>
Path params:	<none>
Headers:		Accept=*/*
				Content-Type=application/json; charset=UTF-8
Cookies:		<none>
Multiparts:		<none>
Body:
{
    "name": "morpheus",
    "job": "zion resident"
}
Request method:	PATCH
Request URI:	https://reqres.in/api/users/2
Proxy:			<none>
Request params:	<none>
Query params:	<none>
Form params:	<none>
Path params:	<none>
Headers:		Accept=*/*
				Content-Type=application/json; charset=UTF-8
Cookies:		<none>
Multiparts:		<none>
Body:
{
    "name": "morpheus",
    "job": "zion resident"
}
HTTP/1.1 200 OK
Date: Thu, 21 Jul 2022 03:51:14 GMT
Content-Type: application/json; charset=utf-8
Transfer-Encoding: chunked
Connection: keep-alive
X-Powered-By: Express
Access-Control-Allow-Origin: *
Etag: W/"50-a1Cf810tXAqy5KI5tK4GaotSPfs"
Via: 1.1 vegur
CF-Cache-Status: DYNAMIC
Expect-CT: max-age=604800, report-uri="https://report-uri.cloudflare.com/cdn-cgi/beacon/expect-ct"
Report-To: {"endpoints":[{"url":"https:\/\/a.nel.cloudflare.com\/report\/v3?s=X44wLvLg3M0KrMORW4ljf3dPs4y1TyZw%2BxnV7K0LQWTFUVfAZ%2B8Tdd4hrpKv0gInO9E1ckFCoJGC%2FcThwS4F3jGScvEnzUjvUxV4vdNJYr85eSfM8E2EbBYIvQ%3D%3D"}],"group":"cf-nel","max_age":604800}
NEL: {"success_fraction":0,"report_to":"cf-nel","max_age":604800}
Server: cloudflare
CF-RAY: 72e0fa19ff4bba67-EZE
Content-Encoding: gzip

{
    "name": "morpheus",
    "job": "zion resident",
    "updatedAt": "2022-07-21T03:51:14.609Z"
}
HTTP/1.1 200 OK
Date: Thu, 21 Jul 2022 03:51:14 GMT
Content-Type: application/json; charset=utf-8
Transfer-Encoding: chunked
Connection: keep-alive
X-Powered-By: Express
Access-Control-Allow-Origin: *
Etag: W/"50-a1Cf810tXAqy5KI5tK4GaotSPfs"
Via: 1.1 vegur
CF-Cache-Status: DYNAMIC
Expect-CT: max-age=604800, report-uri="https://report-uri.cloudflare.com/cdn-cgi/beacon/expect-ct"
Report-To: {"endpoints":[{"url":"https:\/\/a.nel.cloudflare.com\/report\/v3?s=X44wLvLg3M0KrMORW4ljf3dPs4y1TyZw%2BxnV7K0LQWTFUVfAZ%2B8Tdd4hrpKv0gInO9E1ckFCoJGC%2FcThwS4F3jGScvEnzUjvUxV4vdNJYr85eSfM8E2EbBYIvQ%3D%3D"}],"group":"cf-nel","max_age":604800}
NEL: {"success_fraction":0,"report_to":"cf-nel","max_age":604800}
Server: cloudflare
CF-RAY: 72e0fa19ff4bba67-EZE
Content-Encoding: gzip

{
    "name": "morpheus",
    "job": "zion resident",
    "updatedAt": "2022-07-21T03:51:14.609Z"
}
HTTP/1.1 200 OK
Date: Thu, 21 Jul 2022 03:51:14 GMT
Content-Type: application/json; charset=utf-8
Transfer-Encoding: chunked
Connection: keep-alive
X-Powered-By: Express
Access-Control-Allow-Origin: *
Etag: W/"50-a1Cf810tXAqy5KI5tK4GaotSPfs"
Via: 1.1 vegur
CF-Cache-Status: DYNAMIC
Expect-CT: max-age=604800, report-uri="https://report-uri.cloudflare.com/cdn-cgi/beacon/expect-ct"
Report-To: {"endpoints":[{"url":"https:\/\/a.nel.cloudflare.com\/report\/v3?s=X44wLvLg3M0KrMORW4ljf3dPs4y1TyZw%2BxnV7K0LQWTFUVfAZ%2B8Tdd4hrpKv0gInO9E1ckFCoJGC%2FcThwS4F3jGScvEnzUjvUxV4vdNJYr85eSfM8E2EbBYIvQ%3D%3D"}],"group":"cf-nel","max_age":604800}
NEL: {"success_fraction":0,"report_to":"cf-nel","max_age":604800}
Server: cloudflare
CF-RAY: 72e0fa19ff4bba67-EZE
Content-Encoding: gzip

{
    "name": "morpheus",
    "job": "zion resident",
    "updatedAt": "2022-07-21T03:51:14.609Z"
}
HTTP/1.1 200 OK
Date: Thu, 21 Jul 2022 03:51:14 GMT
Content-Type: application/json; charset=utf-8
Transfer-Encoding: chunked
Connection: keep-alive
X-Powered-By: Express
Access-Control-Allow-Origin: *
Etag: W/"50-a1Cf810tXAqy5KI5tK4GaotSPfs"
Via: 1.1 vegur
CF-Cache-Status: DYNAMIC
Expect-CT: max-age=604800, report-uri="https://report-uri.cloudflare.com/cdn-cgi/beacon/expect-ct"
Report-To: {"endpoints":[{"url":"https:\/\/a.nel.cloudflare.com\/report\/v3?s=X44wLvLg3M0KrMORW4ljf3dPs4y1TyZw%2BxnV7K0LQWTFUVfAZ%2B8Tdd4hrpKv0gInO9E1ckFCoJGC%2FcThwS4F3jGScvEnzUjvUxV4vdNJYr85eSfM8E2EbBYIvQ%3D%3D"}],"group":"cf-nel","max_age":604800}
NEL: {"success_fraction":0,"report_to":"cf-nel","max_age":604800}
Server: cloudflare
CF-RAY: 72e0fa19ff4bba67-EZE
Content-Encoding: gzip

{
    "name": "morpheus",
    "job": "zion resident",
    "updatedAt": "2022-07-21T03:51:14.609Z"
}
Request method:	DELETE
Request URI:	https://reqres.in/api/users/2
Proxy:			<none>
Request params:	<none>
Query params:	<none>
Form params:	<none>
Path params:	<none>
Headers:		Accept=*/*
				Content-Type=application/json; charset=UTF-8
Cookies:		<none>
Multiparts:		<none>
Body:			<none>
Request method:	DELETE
Request URI:	https://reqres.in/api/users/2
Proxy:			<none>
Request params:	<none>
Query params:	<none>
Form params:	<none>
Path params:	<none>
Headers:		Accept=*/*
				Content-Type=application/json; charset=UTF-8
Cookies:		<none>
Multiparts:		<none>
Body:			<none>
Request method:	DELETE
Request URI:	https://reqres.in/api/users/2
Proxy:			<none>
Request params:	<none>
Query params:	<none>
Form params:	<none>
Path params:	<none>
Headers:		Accept=*/*
				Content-Type=application/json; charset=UTF-8
Cookies:		<none>
Multiparts:		<none>
Body:			<none>
Request method:	DELETE
Request URI:	https://reqres.in/api/users/2
Proxy:			<none>
Request params:	<none>
Query params:	<none>
Form params:	<none>
Path params:	<none>
Headers:		Accept=*/*
				Content-Type=application/json; charset=UTF-8
Cookies:		<none>
Multiparts:		<none>
Body:			<none>
Request method:	DELETE
Request URI:	https://reqres.in/api/users/2
Proxy:			<none>
Request params:	<none>
Query params:	<none>
Form params:	<none>
Path params:	<none>
Headers:		Accept=*/*
				Content-Type=application/json; charset=UTF-8
Cookies:		<none>
Multiparts:		<none>
Body:			<none>
Request method:	DELETE
Request URI:	https://reqres.in/api/users/2
Proxy:			<none>
Request params:	<none>
Query params:	<none>
Form params:	<none>
Path params:	<none>
Headers:		Accept=*/*
				Content-Type=application/json; charset=UTF-8
Cookies:		<none>
Multiparts:		<none>
Body:			<none>
HTTP/1.1 204 No Content
Date: Thu, 21 Jul 2022 03:51:15 GMT
Content-Length: 0
Connection: keep-alive
X-Powered-By: Express
Access-Control-Allow-Origin: *
Etag: W/"2-vyGp6PvFo4RvsFtPoIWeCReyIC8"
Via: 1.1 vegur
CF-Cache-Status: DYNAMIC
Expect-CT: max-age=604800, report-uri="https://report-uri.cloudflare.com/cdn-cgi/beacon/expect-ct"
Report-To: {"endpoints":[{"url":"https:\/\/a.nel.cloudflare.com\/report\/v3?s=eNPq1YeYzrEz6HrfzjhWUfACWsgBFGNuHKSidzXAb1jEvdNopYN6IkpU2tPuVjgKFFPnxtgFOMsIQUOWLUtpKyd9Uj42HWSVsL%2FrQFw7cbuBh0npkRZJyfhO1w%3D%3D"}],"group":"cf-nel","max_age":604800}
NEL: {"success_fraction":0,"report_to":"cf-nel","max_age":604800}
Server: cloudflare
CF-RAY: 72e0fa1e0a37ba67-EZE
HTTP/1.1 204 No Content
Date: Thu, 21 Jul 2022 03:51:15 GMT
Content-Length: 0
Connection: keep-alive
X-Powered-By: Express
Access-Control-Allow-Origin: *
Etag: W/"2-vyGp6PvFo4RvsFtPoIWeCReyIC8"
Via: 1.1 vegur
CF-Cache-Status: DYNAMIC
Expect-CT: max-age=604800, report-uri="https://report-uri.cloudflare.com/cdn-cgi/beacon/expect-ct"
Report-To: {"endpoints":[{"url":"https:\/\/a.nel.cloudflare.com\/report\/v3?s=eNPq1YeYzrEz6HrfzjhWUfACWsgBFGNuHKSidzXAb1jEvdNopYN6IkpU2tPuVjgKFFPnxtgFOMsIQUOWLUtpKyd9Uj42HWSVsL%2FrQFw7cbuBh0npkRZJyfhO1w%3D%3D"}],"group":"cf-nel","max_age":604800}
NEL: {"success_fraction":0,"report_to":"cf-nel","max_age":604800}
Server: cloudflare
CF-RAY: 72e0fa1e0a37ba67-EZE
HTTP/1.1 204 No Content
Date: Thu, 21 Jul 2022 03:51:15 GMT
Content-Length: 0
Connection: keep-alive
X-Powered-By: Express
Access-Control-Allow-Origin: *
Etag: W/"2-vyGp6PvFo4RvsFtPoIWeCReyIC8"
Via: 1.1 vegur
CF-Cache-Status: DYNAMIC
Expect-CT: max-age=604800, report-uri="https://report-uri.cloudflare.com/cdn-cgi/beacon/expect-ct"
Report-To: {"endpoints":[{"url":"https:\/\/a.nel.cloudflare.com\/report\/v3?s=eNPq1YeYzrEz6HrfzjhWUfACWsgBFGNuHKSidzXAb1jEvdNopYN6IkpU2tPuVjgKFFPnxtgFOMsIQUOWLUtpKyd9Uj42HWSVsL%2FrQFw7cbuBh0npkRZJyfhO1w%3D%3D"}],"group":"cf-nel","max_age":604800}
NEL: {"success_fraction":0,"report_to":"cf-nel","max_age":604800}
Server: cloudflare
CF-RAY: 72e0fa1e0a37ba67-EZE
HTTP/1.1 204 No Content
Date: Thu, 21 Jul 2022 03:51:15 GMT
Content-Length: 0
Connection: keep-alive
X-Powered-By: Express
Access-Control-Allow-Origin: *
Etag: W/"2-vyGp6PvFo4RvsFtPoIWeCReyIC8"
Via: 1.1 vegur
CF-Cache-Status: DYNAMIC
Expect-CT: max-age=604800, report-uri="https://report-uri.cloudflare.com/cdn-cgi/beacon/expect-ct"
Report-To: {"endpoints":[{"url":"https:\/\/a.nel.cloudflare.com\/report\/v3?s=eNPq1YeYzrEz6HrfzjhWUfACWsgBFGNuHKSidzXAb1jEvdNopYN6IkpU2tPuVjgKFFPnxtgFOMsIQUOWLUtpKyd9Uj42HWSVsL%2FrQFw7cbuBh0npkRZJyfhO1w%3D%3D"}],"group":"cf-nel","max_age":604800}
NEL: {"success_fraction":0,"report_to":"cf-nel","max_age":604800}
Server: cloudflare
CF-RAY: 72e0fa1e0a37ba67-EZE
HTTP/1.1 204 No Content
Date: Thu, 21 Jul 2022 03:51:15 GMT
Content-Length: 0
Connection: keep-alive
X-Powered-By: Express
Access-Control-Allow-Origin: *
Etag: W/"2-vyGp6PvFo4RvsFtPoIWeCReyIC8"
Via: 1.1 vegur
CF-Cache-Status: DYNAMIC
Expect-CT: max-age=604800, report-uri="https://report-uri.cloudflare.com/cdn-cgi/beacon/expect-ct"
Report-To: {"endpoints":[{"url":"https:\/\/a.nel.cloudflare.com\/report\/v3?s=eNPq1YeYzrEz6HrfzjhWUfACWsgBFGNuHKSidzXAb1jEvdNopYN6IkpU2tPuVjgKFFPnxtgFOMsIQUOWLUtpKyd9Uj42HWSVsL%2FrQFw7cbuBh0npkRZJyfhO1w%3D%3D"}],"group":"cf-nel","max_age":604800}
NEL: {"success_fraction":0,"report_to":"cf-nel","max_age":604800}
Server: cloudflare
CF-RAY: 72e0fa1e0a37ba67-EZE
]]></system-out>
  <system-err><![CDATA[]]></system-err>
</testsuite>
