<?xml version="1.0" encoding="UTF-8"?>
<testsuite name="ReqResTests_9" tests="1" skipped="0" failures="0" errors="0" timestamp="2022-07-20T21:23:47" hostname="AR-IT25022" time="0.224">
  <properties/>
  <testcase name="getSingleUserTest" classname="ReqResTests_9" time="0.224"/>
  <system-out><![CDATA[2022-07-20T18:23:47,146 [Test worker] INFO  (BaseTest.java:21) - Iniciando la configuracion
2022-07-20T18:23:47,147 [Test worker] INFO  (BaseTest.java:23) - finalizando la configuraciÃ³n
****************************************************
Request method:	GET
Request URI:	https://reqres.in/api/users/2
Proxy:			<none>
Request params:	<none>
Query params:	<none>
Form params:	<none>
Path params:	<none>
Headers:		Accept=*/*
				Content-Type=application/json; charset=UTF-8
Cookies:		<none>
Multiparts:		<none>
Body:			<none>
Request method:	GET
Request URI:	https://reqres.in/api/users/2
Proxy:			<none>
Request params:	<none>
Query params:	<none>
Form params:	<none>
Path params:	<none>
Headers:		Accept=*/*
				Content-Type=application/json; charset=UTF-8
Cookies:		<none>
Multiparts:		<none>
Body:			<none>
Request method:	GET
Request URI:	https://reqres.in/api/users/2
Proxy:			<none>
Request params:	<none>
Query params:	<none>
Form params:	<none>
Path params:	<none>
Headers:		Accept=*/*
				Content-Type=application/json; charset=UTF-8
Cookies:		<none>
Multiparts:		<none>
Body:			<none>
Request method:	GET
Request URI:	https://reqres.in/api/users/2
Proxy:			<none>
Request params:	<none>
Query params:	<none>
Form params:	<none>
Path params:	<none>
Headers:		Accept=*/*
				Content-Type=application/json; charset=UTF-8
Cookies:		<none>
Multiparts:		<none>
Body:			<none>
Request method:	GET
Request URI:	https://reqres.in/api/users/2
Proxy:			<none>
Request params:	<none>
Query params:	<none>
Form params:	<none>
Path params:	<none>
Headers:		Accept=*/*
				Content-Type=application/json; charset=UTF-8
Cookies:		<none>
Multiparts:		<none>
Body:			<none>
Request method:	GET
Request URI:	https://reqres.in/api/users/2
Proxy:			<none>
Request params:	<none>
Query params:	<none>
Form params:	<none>
Path params:	<none>
Headers:		Accept=*/*
				Content-Type=application/json; charset=UTF-8
Cookies:		<none>
Multiparts:		<none>
Body:			<none>
Request method:	GET
Request URI:	https://reqres.in/api/users/2
Proxy:			<none>
Request params:	<none>
Query params:	<none>
Form params:	<none>
Path params:	<none>
Headers:		Accept=*/*
				Content-Type=application/json; charset=UTF-8
Cookies:		<none>
Multiparts:		<none>
Body:			<none>
Request method:	GET
Request URI:	https://reqres.in/api/users/2
Proxy:			<none>
Request params:	<none>
Query params:	<none>
Form params:	<none>
Path params:	<none>
Headers:		Accept=*/*
				Content-Type=application/json; charset=UTF-8
Cookies:		<none>
Multiparts:		<none>
Body:			<none>
Request method:	GET
Request URI:	https://reqres.in/api/users/2
Proxy:			<none>
Request params:	<none>
Query params:	<none>
Form params:	<none>
Path params:	<none>
Headers:		Accept=*/*
				Content-Type=application/json; charset=UTF-8
Cookies:		<none>
Multiparts:		<none>
Body:			<none>
Request method:	GET
Request URI:	https://reqres.in/api/users/2
Proxy:			<none>
Request params:	<none>
Query params:	<none>
Form params:	<none>
Path params:	<none>
Headers:		Accept=*/*
				Content-Type=application/json; charset=UTF-8
Cookies:		<none>
Multiparts:		<none>
Body:			<none>
HTTP/1.1 200 OK
Date: Wed, 20 Jul 2022 21:23:01 GMT
Content-Type: application/json; charset=utf-8
Transfer-Encoding: chunked
Connection: keep-alive
X-Powered-By: Express
Access-Control-Allow-Origin: *
Etag: W/"118-pbdwwFo9SKNhD3Lx5iHJyngpq00"
Via: 1.1 vegur
Cache-Control: max-age=14400
CF-Cache-Status: HIT
Age: 3052
Expect-CT: max-age=604800, report-uri="https://report-uri.cloudflare.com/cdn-cgi/beacon/expect-ct"
Report-To: {"endpoints":[{"url":"https:\/\/a.nel.cloudflare.com\/report\/v3?s=hXzXq5fTOBGrUazlCFbyGrgIyojZ%2BKi1%2F0Ih3bRe%2FnJBOMj8kIqoYEIAMrzQI2s%2BhlGSHLvF4H8Xh6T2O%2FucDxn5RlquGs5KScIM1cirCkBewTIXgYWY16phAw%3D%3D"}],"group":"cf-nel","max_age":604800}
NEL: {"success_fraction":0,"report_to":"cf-nel","max_age":604800}
Vary: Accept-Encoding
Server: cloudflare
CF-RAY: 72dec1703d4eba6b-EZE
Content-Encoding: gzip

{
    "data": {
        "id": 2,
        "email": "janet.weaver@reqres.in",
        "first_name": "Janet",
        "last_name": "Weaver",
        "avatar": "https://reqres.in/img/faces/2-image.jpg"
    },
    "support": {
        "url": "https://reqres.in/#support-heading",
        "text": "To keep ReqRes free, contributions towards server costs are appreciated!"
    }
}
HTTP/1.1 200 OK
Date: Wed, 20 Jul 2022 21:23:01 GMT
Content-Type: application/json; charset=utf-8
Transfer-Encoding: chunked
Connection: keep-alive
X-Powered-By: Express
Access-Control-Allow-Origin: *
Etag: W/"118-pbdwwFo9SKNhD3Lx5iHJyngpq00"
Via: 1.1 vegur
Cache-Control: max-age=14400
CF-Cache-Status: HIT
Age: 3052
Expect-CT: max-age=604800, report-uri="https://report-uri.cloudflare.com/cdn-cgi/beacon/expect-ct"
Report-To: {"endpoints":[{"url":"https:\/\/a.nel.cloudflare.com\/report\/v3?s=hXzXq5fTOBGrUazlCFbyGrgIyojZ%2BKi1%2F0Ih3bRe%2FnJBOMj8kIqoYEIAMrzQI2s%2BhlGSHLvF4H8Xh6T2O%2FucDxn5RlquGs5KScIM1cirCkBewTIXgYWY16phAw%3D%3D"}],"group":"cf-nel","max_age":604800}
NEL: {"success_fraction":0,"report_to":"cf-nel","max_age":604800}
Vary: Accept-Encoding
Server: cloudflare
CF-RAY: 72dec1703d4eba6b-EZE
Content-Encoding: gzip

{
    "data": {
        "id": 2,
        "email": "janet.weaver@reqres.in",
        "first_name": "Janet",
        "last_name": "Weaver",
        "avatar": "https://reqres.in/img/faces/2-image.jpg"
    },
    "support": {
        "url": "https://reqres.in/#support-heading",
        "text": "To keep ReqRes free, contributions towards server costs are appreciated!"
    }
}
HTTP/1.1 200 OK
Date: Wed, 20 Jul 2022 21:23:01 GMT
Content-Type: application/json; charset=utf-8
Transfer-Encoding: chunked
Connection: keep-alive
X-Powered-By: Express
Access-Control-Allow-Origin: *
Etag: W/"118-pbdwwFo9SKNhD3Lx5iHJyngpq00"
Via: 1.1 vegur
Cache-Control: max-age=14400
CF-Cache-Status: HIT
Age: 3052
Expect-CT: max-age=604800, report-uri="https://report-uri.cloudflare.com/cdn-cgi/beacon/expect-ct"
Report-To: {"endpoints":[{"url":"https:\/\/a.nel.cloudflare.com\/report\/v3?s=hXzXq5fTOBGrUazlCFbyGrgIyojZ%2BKi1%2F0Ih3bRe%2FnJBOMj8kIqoYEIAMrzQI2s%2BhlGSHLvF4H8Xh6T2O%2FucDxn5RlquGs5KScIM1cirCkBewTIXgYWY16phAw%3D%3D"}],"group":"cf-nel","max_age":604800}
NEL: {"success_fraction":0,"report_to":"cf-nel","max_age":604800}
Vary: Accept-Encoding
Server: cloudflare
CF-RAY: 72dec1703d4eba6b-EZE
Content-Encoding: gzip

{
    "data": {
        "id": 2,
        "email": "janet.weaver@reqres.in",
        "first_name": "Janet",
        "last_name": "Weaver",
        "avatar": "https://reqres.in/img/faces/2-image.jpg"
    },
    "support": {
        "url": "https://reqres.in/#support-heading",
        "text": "To keep ReqRes free, contributions towards server costs are appreciated!"
    }
}
HTTP/1.1 200 OK
Date: Wed, 20 Jul 2022 21:23:01 GMT
Content-Type: application/json; charset=utf-8
Transfer-Encoding: chunked
Connection: keep-alive
X-Powered-By: Express
Access-Control-Allow-Origin: *
Etag: W/"118-pbdwwFo9SKNhD3Lx5iHJyngpq00"
Via: 1.1 vegur
Cache-Control: max-age=14400
CF-Cache-Status: HIT
Age: 3052
Expect-CT: max-age=604800, report-uri="https://report-uri.cloudflare.com/cdn-cgi/beacon/expect-ct"
Report-To: {"endpoints":[{"url":"https:\/\/a.nel.cloudflare.com\/report\/v3?s=hXzXq5fTOBGrUazlCFbyGrgIyojZ%2BKi1%2F0Ih3bRe%2FnJBOMj8kIqoYEIAMrzQI2s%2BhlGSHLvF4H8Xh6T2O%2FucDxn5RlquGs5KScIM1cirCkBewTIXgYWY16phAw%3D%3D"}],"group":"cf-nel","max_age":604800}
NEL: {"success_fraction":0,"report_to":"cf-nel","max_age":604800}
Vary: Accept-Encoding
Server: cloudflare
CF-RAY: 72dec1703d4eba6b-EZE
Content-Encoding: gzip

{
    "data": {
        "id": 2,
        "email": "janet.weaver@reqres.in",
        "first_name": "Janet",
        "last_name": "Weaver",
        "avatar": "https://reqres.in/img/faces/2-image.jpg"
    },
    "support": {
        "url": "https://reqres.in/#support-heading",
        "text": "To keep ReqRes free, contributions towards server costs are appreciated!"
    }
}
HTTP/1.1 200 OK
Date: Wed, 20 Jul 2022 21:23:01 GMT
Content-Type: application/json; charset=utf-8
Transfer-Encoding: chunked
Connection: keep-alive
X-Powered-By: Express
Access-Control-Allow-Origin: *
Etag: W/"118-pbdwwFo9SKNhD3Lx5iHJyngpq00"
Via: 1.1 vegur
Cache-Control: max-age=14400
CF-Cache-Status: HIT
Age: 3052
Expect-CT: max-age=604800, report-uri="https://report-uri.cloudflare.com/cdn-cgi/beacon/expect-ct"
Report-To: {"endpoints":[{"url":"https:\/\/a.nel.cloudflare.com\/report\/v3?s=hXzXq5fTOBGrUazlCFbyGrgIyojZ%2BKi1%2F0Ih3bRe%2FnJBOMj8kIqoYEIAMrzQI2s%2BhlGSHLvF4H8Xh6T2O%2FucDxn5RlquGs5KScIM1cirCkBewTIXgYWY16phAw%3D%3D"}],"group":"cf-nel","max_age":604800}
NEL: {"success_fraction":0,"report_to":"cf-nel","max_age":604800}
Vary: Accept-Encoding
Server: cloudflare
CF-RAY: 72dec1703d4eba6b-EZE
Content-Encoding: gzip

{
    "data": {
        "id": 2,
        "email": "janet.weaver@reqres.in",
        "first_name": "Janet",
        "last_name": "Weaver",
        "avatar": "https://reqres.in/img/faces/2-image.jpg"
    },
    "support": {
        "url": "https://reqres.in/#support-heading",
        "text": "To keep ReqRes free, contributions towards server costs are appreciated!"
    }
}
HTTP/1.1 200 OK
Date: Wed, 20 Jul 2022 21:23:01 GMT
Content-Type: application/json; charset=utf-8
Transfer-Encoding: chunked
Connection: keep-alive
X-Powered-By: Express
Access-Control-Allow-Origin: *
Etag: W/"118-pbdwwFo9SKNhD3Lx5iHJyngpq00"
Via: 1.1 vegur
Cache-Control: max-age=14400
CF-Cache-Status: HIT
Age: 3052
Expect-CT: max-age=604800, report-uri="https://report-uri.cloudflare.com/cdn-cgi/beacon/expect-ct"
Report-To: {"endpoints":[{"url":"https:\/\/a.nel.cloudflare.com\/report\/v3?s=hXzXq5fTOBGrUazlCFbyGrgIyojZ%2BKi1%2F0Ih3bRe%2FnJBOMj8kIqoYEIAMrzQI2s%2BhlGSHLvF4H8Xh6T2O%2FucDxn5RlquGs5KScIM1cirCkBewTIXgYWY16phAw%3D%3D"}],"group":"cf-nel","max_age":604800}
NEL: {"success_fraction":0,"report_to":"cf-nel","max_age":604800}
Vary: Accept-Encoding
Server: cloudflare
CF-RAY: 72dec1703d4eba6b-EZE
Content-Encoding: gzip

{
    "data": {
        "id": 2,
        "email": "janet.weaver@reqres.in",
        "first_name": "Janet",
        "last_name": "Weaver",
        "avatar": "https://reqres.in/img/faces/2-image.jpg"
    },
    "support": {
        "url": "https://reqres.in/#support-heading",
        "text": "To keep ReqRes free, contributions towards server costs are appreciated!"
    }
}
HTTP/1.1 200 OK
Date: Wed, 20 Jul 2022 21:23:01 GMT
Content-Type: application/json; charset=utf-8
Transfer-Encoding: chunked
Connection: keep-alive
X-Powered-By: Express
Access-Control-Allow-Origin: *
Etag: W/"118-pbdwwFo9SKNhD3Lx5iHJyngpq00"
Via: 1.1 vegur
Cache-Control: max-age=14400
CF-Cache-Status: HIT
Age: 3052
Expect-CT: max-age=604800, report-uri="https://report-uri.cloudflare.com/cdn-cgi/beacon/expect-ct"
Report-To: {"endpoints":[{"url":"https:\/\/a.nel.cloudflare.com\/report\/v3?s=hXzXq5fTOBGrUazlCFbyGrgIyojZ%2BKi1%2F0Ih3bRe%2FnJBOMj8kIqoYEIAMrzQI2s%2BhlGSHLvF4H8Xh6T2O%2FucDxn5RlquGs5KScIM1cirCkBewTIXgYWY16phAw%3D%3D"}],"group":"cf-nel","max_age":604800}
NEL: {"success_fraction":0,"report_to":"cf-nel","max_age":604800}
Vary: Accept-Encoding
Server: cloudflare
CF-RAY: 72dec1703d4eba6b-EZE
Content-Encoding: gzip

{
    "data": {
        "id": 2,
        "email": "janet.weaver@reqres.in",
        "first_name": "Janet",
        "last_name": "Weaver",
        "avatar": "https://reqres.in/img/faces/2-image.jpg"
    },
    "support": {
        "url": "https://reqres.in/#support-heading",
        "text": "To keep ReqRes free, contributions towards server costs are appreciated!"
    }
}
HTTP/1.1 200 OK
Date: Wed, 20 Jul 2022 21:23:01 GMT
Content-Type: application/json; charset=utf-8
Transfer-Encoding: chunked
Connection: keep-alive
X-Powered-By: Express
Access-Control-Allow-Origin: *
Etag: W/"118-pbdwwFo9SKNhD3Lx5iHJyngpq00"
Via: 1.1 vegur
Cache-Control: max-age=14400
CF-Cache-Status: HIT
Age: 3052
Expect-CT: max-age=604800, report-uri="https://report-uri.cloudflare.com/cdn-cgi/beacon/expect-ct"
Report-To: {"endpoints":[{"url":"https:\/\/a.nel.cloudflare.com\/report\/v3?s=hXzXq5fTOBGrUazlCFbyGrgIyojZ%2BKi1%2F0Ih3bRe%2FnJBOMj8kIqoYEIAMrzQI2s%2BhlGSHLvF4H8Xh6T2O%2FucDxn5RlquGs5KScIM1cirCkBewTIXgYWY16phAw%3D%3D"}],"group":"cf-nel","max_age":604800}
NEL: {"success_fraction":0,"report_to":"cf-nel","max_age":604800}
Vary: Accept-Encoding
Server: cloudflare
CF-RAY: 72dec1703d4eba6b-EZE
Content-Encoding: gzip

{
    "data": {
        "id": 2,
        "email": "janet.weaver@reqres.in",
        "first_name": "Janet",
        "last_name": "Weaver",
        "avatar": "https://reqres.in/img/faces/2-image.jpg"
    },
    "support": {
        "url": "https://reqres.in/#support-heading",
        "text": "To keep ReqRes free, contributions towards server costs are appreciated!"
    }
}
HTTP/1.1 200 OK
Date: Wed, 20 Jul 2022 21:23:01 GMT
Content-Type: application/json; charset=utf-8
Transfer-Encoding: chunked
Connection: keep-alive
X-Powered-By: Express
Access-Control-Allow-Origin: *
Etag: W/"118-pbdwwFo9SKNhD3Lx5iHJyngpq00"
Via: 1.1 vegur
Cache-Control: max-age=14400
CF-Cache-Status: HIT
Age: 3052
Expect-CT: max-age=604800, report-uri="https://report-uri.cloudflare.com/cdn-cgi/beacon/expect-ct"
Report-To: {"endpoints":[{"url":"https:\/\/a.nel.cloudflare.com\/report\/v3?s=hXzXq5fTOBGrUazlCFbyGrgIyojZ%2BKi1%2F0Ih3bRe%2FnJBOMj8kIqoYEIAMrzQI2s%2BhlGSHLvF4H8Xh6T2O%2FucDxn5RlquGs5KScIM1cirCkBewTIXgYWY16phAw%3D%3D"}],"group":"cf-nel","max_age":604800}
NEL: {"success_fraction":0,"report_to":"cf-nel","max_age":604800}
Vary: Accept-Encoding
Server: cloudflare
CF-RAY: 72dec1703d4eba6b-EZE
Content-Encoding: gzip

{
    "data": {
        "id": 2,
        "email": "janet.weaver@reqres.in",
        "first_name": "Janet",
        "last_name": "Weaver",
        "avatar": "https://reqres.in/img/faces/2-image.jpg"
    },
    "support": {
        "url": "https://reqres.in/#support-heading",
        "text": "To keep ReqRes free, contributions towards server costs are appreciated!"
    }
}
HTTP/1.1 200 OK
Date: Wed, 20 Jul 2022 21:23:01 GMT
Content-Type: application/json; charset=utf-8
Transfer-Encoding: chunked
Connection: keep-alive
X-Powered-By: Express
Access-Control-Allow-Origin: *
Etag: W/"118-pbdwwFo9SKNhD3Lx5iHJyngpq00"
Via: 1.1 vegur
Cache-Control: max-age=14400
CF-Cache-Status: HIT
Age: 3052
Expect-CT: max-age=604800, report-uri="https://report-uri.cloudflare.com/cdn-cgi/beacon/expect-ct"
Report-To: {"endpoints":[{"url":"https:\/\/a.nel.cloudflare.com\/report\/v3?s=hXzXq5fTOBGrUazlCFbyGrgIyojZ%2BKi1%2F0Ih3bRe%2FnJBOMj8kIqoYEIAMrzQI2s%2BhlGSHLvF4H8Xh6T2O%2FucDxn5RlquGs5KScIM1cirCkBewTIXgYWY16phAw%3D%3D"}],"group":"cf-nel","max_age":604800}
NEL: {"success_fraction":0,"report_to":"cf-nel","max_age":604800}
Vary: Accept-Encoding
Server: cloudflare
CF-RAY: 72dec1703d4eba6b-EZE
Content-Encoding: gzip

{
    "data": {
        "id": 2,
        "email": "janet.weaver@reqres.in",
        "first_name": "Janet",
        "last_name": "Weaver",
        "avatar": "https://reqres.in/img/faces/2-image.jpg"
    },
    "support": {
        "url": "https://reqres.in/#support-heading",
        "text": "To keep ReqRes free, contributions towards server costs are appreciated!"
    }
}
]]></system-out>
  <system-err><![CDATA[]]></system-err>
</testsuite>
