<?xml version="1.0" encoding="UTF-8"?>
<testsuite name="ReqResTests_7" tests="1" skipped="0" failures="0" errors="0" timestamp="2022-07-20T22:39:22" hostname="AR-IT25022" time="0.676">
  <properties/>
  <testcase name="createUserTest" classname="ReqResTests_7" time="0.676"/>
  <system-out><![CDATA[Request method:	POST
Request URI:	https://reqres.in/api/users
Proxy:			<none>
Request params:	<none>
Query params:	<none>
Form params:	<none>
Path params:	<none>
Headers:		Accept=*/*
				Content-Type=application/json; charset=UTF-8
Cookies:		<none>
Multiparts:		<none>
Body:
{
    "name": "morpheus",
    "job": "leader"
}
Request method:	POST
Request URI:	https://reqres.in/api/users
Proxy:			<none>
Request params:	<none>
Query params:	<none>
Form params:	<none>
Path params:	<none>
Headers:		Accept=*/*
				Content-Type=application/json; charset=UTF-8
Cookies:		<none>
Multiparts:		<none>
Body:
{
    "name": "morpheus",
    "job": "leader"
}
Request method:	POST
Request URI:	https://reqres.in/api/users
Proxy:			<none>
Request params:	<none>
Query params:	<none>
Form params:	<none>
Path params:	<none>
Headers:		Accept=*/*
				Content-Type=application/json; charset=UTF-8
Cookies:		<none>
Multiparts:		<none>
Body:
{
    "name": "morpheus",
    "job": "leader"
}
Request method:	POST
Request URI:	https://reqres.in/api/users
Proxy:			<none>
Request params:	<none>
Query params:	<none>
Form params:	<none>
Path params:	<none>
Headers:		Accept=*/*
				Content-Type=application/json; charset=UTF-8
Cookies:		<none>
Multiparts:		<none>
Body:
{
    "name": "morpheus",
    "job": "leader"
}
Request method:	POST
Request URI:	https://reqres.in/api/users
Proxy:			<none>
Request params:	<none>
Query params:	<none>
Form params:	<none>
Path params:	<none>
Headers:		Accept=*/*
				Content-Type=application/json; charset=UTF-8
Cookies:		<none>
Multiparts:		<none>
Body:
{
    "name": "morpheus",
    "job": "leader"
}
Request method:	POST
Request URI:	https://reqres.in/api/users
Proxy:			<none>
Request params:	<none>
Query params:	<none>
Form params:	<none>
Path params:	<none>
Headers:		Accept=*/*
				Content-Type=application/json; charset=UTF-8
Cookies:		<none>
Multiparts:		<none>
Body:
{
    "name": "morpheus",
    "job": "leader"
}
Request method:	POST
Request URI:	https://reqres.in/api/users
Proxy:			<none>
Request params:	<none>
Query params:	<none>
Form params:	<none>
Path params:	<none>
Headers:		Accept=*/*
				Content-Type=application/json; charset=UTF-8
Cookies:		<none>
Multiparts:		<none>
Body:
{
    "name": "morpheus",
    "job": "leader"
}
Request method:	POST
Request URI:	https://reqres.in/api/users
Proxy:			<none>
Request params:	<none>
Query params:	<none>
Form params:	<none>
Path params:	<none>
Headers:		Accept=*/*
				Content-Type=application/json; charset=UTF-8
Cookies:		<none>
Multiparts:		<none>
Body:
{
    "name": "morpheus",
    "job": "leader"
}
HTTP/1.1 201 Created
Date: Wed, 20 Jul 2022 22:38:37 GMT
Content-Type: application/json; charset=utf-8
Content-Length: 84
Connection: keep-alive
X-Powered-By: Express
Access-Control-Allow-Origin: *
Etag: W/"54-stmPlt+J++bJvqIlU5mX99dQcoM"
Via: 1.1 vegur
CF-Cache-Status: DYNAMIC
Expect-CT: max-age=604800, report-uri="https://report-uri.cloudflare.com/cdn-cgi/beacon/expect-ct"
Report-To: {"endpoints":[{"url":"https:\/\/a.nel.cloudflare.com\/report\/v3?s=uqdHeTLLjmRuJYlOF%2BNrrPyx259pejnwH0gZFjKgdjl4QXRj5z4d0O20dUf4L2NzMCqfyvkniCIdo%2Bzzh6c3ANXCm%2FMu9hCMes8MA6Fjt0IzZknCx8gSxHvc6w%3D%3D"}],"group":"cf-nel","max_age":604800}
NEL: {"success_fraction":0,"report_to":"cf-nel","max_age":604800}
Server: cloudflare
CF-RAY: 72df302b0b93ba6b-EZE

{
    "name": "morpheus",
    "job": "leader",
    "id": "520",
    "createdAt": "2022-07-20T22:38:37.653Z"
}
HTTP/1.1 201 Created
Date: Wed, 20 Jul 2022 22:38:37 GMT
Content-Type: application/json; charset=utf-8
Content-Length: 84
Connection: keep-alive
X-Powered-By: Express
Access-Control-Allow-Origin: *
Etag: W/"54-stmPlt+J++bJvqIlU5mX99dQcoM"
Via: 1.1 vegur
CF-Cache-Status: DYNAMIC
Expect-CT: max-age=604800, report-uri="https://report-uri.cloudflare.com/cdn-cgi/beacon/expect-ct"
Report-To: {"endpoints":[{"url":"https:\/\/a.nel.cloudflare.com\/report\/v3?s=uqdHeTLLjmRuJYlOF%2BNrrPyx259pejnwH0gZFjKgdjl4QXRj5z4d0O20dUf4L2NzMCqfyvkniCIdo%2Bzzh6c3ANXCm%2FMu9hCMes8MA6Fjt0IzZknCx8gSxHvc6w%3D%3D"}],"group":"cf-nel","max_age":604800}
NEL: {"success_fraction":0,"report_to":"cf-nel","max_age":604800}
Server: cloudflare
CF-RAY: 72df302b0b93ba6b-EZE

{
    "name": "morpheus",
    "job": "leader",
    "id": "520",
    "createdAt": "2022-07-20T22:38:37.653Z"
}
HTTP/1.1 201 Created
Date: Wed, 20 Jul 2022 22:38:37 GMT
Content-Type: application/json; charset=utf-8
Content-Length: 84
Connection: keep-alive
X-Powered-By: Express
Access-Control-Allow-Origin: *
Etag: W/"54-stmPlt+J++bJvqIlU5mX99dQcoM"
Via: 1.1 vegur
CF-Cache-Status: DYNAMIC
Expect-CT: max-age=604800, report-uri="https://report-uri.cloudflare.com/cdn-cgi/beacon/expect-ct"
Report-To: {"endpoints":[{"url":"https:\/\/a.nel.cloudflare.com\/report\/v3?s=uqdHeTLLjmRuJYlOF%2BNrrPyx259pejnwH0gZFjKgdjl4QXRj5z4d0O20dUf4L2NzMCqfyvkniCIdo%2Bzzh6c3ANXCm%2FMu9hCMes8MA6Fjt0IzZknCx8gSxHvc6w%3D%3D"}],"group":"cf-nel","max_age":604800}
NEL: {"success_fraction":0,"report_to":"cf-nel","max_age":604800}
Server: cloudflare
CF-RAY: 72df302b0b93ba6b-EZE

{
    "name": "morpheus",
    "job": "leader",
    "id": "520",
    "createdAt": "2022-07-20T22:38:37.653Z"
}
HTTP/1.1 201 Created
Date: Wed, 20 Jul 2022 22:38:37 GMT
Content-Type: application/json; charset=utf-8
Content-Length: 84
Connection: keep-alive
X-Powered-By: Express
Access-Control-Allow-Origin: *
Etag: W/"54-stmPlt+J++bJvqIlU5mX99dQcoM"
Via: 1.1 vegur
CF-Cache-Status: DYNAMIC
Expect-CT: max-age=604800, report-uri="https://report-uri.cloudflare.com/cdn-cgi/beacon/expect-ct"
Report-To: {"endpoints":[{"url":"https:\/\/a.nel.cloudflare.com\/report\/v3?s=uqdHeTLLjmRuJYlOF%2BNrrPyx259pejnwH0gZFjKgdjl4QXRj5z4d0O20dUf4L2NzMCqfyvkniCIdo%2Bzzh6c3ANXCm%2FMu9hCMes8MA6Fjt0IzZknCx8gSxHvc6w%3D%3D"}],"group":"cf-nel","max_age":604800}
NEL: {"success_fraction":0,"report_to":"cf-nel","max_age":604800}
Server: cloudflare
CF-RAY: 72df302b0b93ba6b-EZE

{
    "name": "morpheus",
    "job": "leader",
    "id": "520",
    "createdAt": "2022-07-20T22:38:37.653Z"
}
HTTP/1.1 201 Created
Date: Wed, 20 Jul 2022 22:38:37 GMT
Content-Type: application/json; charset=utf-8
Content-Length: 84
Connection: keep-alive
X-Powered-By: Express
Access-Control-Allow-Origin: *
Etag: W/"54-stmPlt+J++bJvqIlU5mX99dQcoM"
Via: 1.1 vegur
CF-Cache-Status: DYNAMIC
Expect-CT: max-age=604800, report-uri="https://report-uri.cloudflare.com/cdn-cgi/beacon/expect-ct"
Report-To: {"endpoints":[{"url":"https:\/\/a.nel.cloudflare.com\/report\/v3?s=uqdHeTLLjmRuJYlOF%2BNrrPyx259pejnwH0gZFjKgdjl4QXRj5z4d0O20dUf4L2NzMCqfyvkniCIdo%2Bzzh6c3ANXCm%2FMu9hCMes8MA6Fjt0IzZknCx8gSxHvc6w%3D%3D"}],"group":"cf-nel","max_age":604800}
NEL: {"success_fraction":0,"report_to":"cf-nel","max_age":604800}
Server: cloudflare
CF-RAY: 72df302b0b93ba6b-EZE

{
    "name": "morpheus",
    "job": "leader",
    "id": "520",
    "createdAt": "2022-07-20T22:38:37.653Z"
}
HTTP/1.1 201 Created
Date: Wed, 20 Jul 2022 22:38:37 GMT
Content-Type: application/json; charset=utf-8
Content-Length: 84
Connection: keep-alive
X-Powered-By: Express
Access-Control-Allow-Origin: *
Etag: W/"54-stmPlt+J++bJvqIlU5mX99dQcoM"
Via: 1.1 vegur
CF-Cache-Status: DYNAMIC
Expect-CT: max-age=604800, report-uri="https://report-uri.cloudflare.com/cdn-cgi/beacon/expect-ct"
Report-To: {"endpoints":[{"url":"https:\/\/a.nel.cloudflare.com\/report\/v3?s=uqdHeTLLjmRuJYlOF%2BNrrPyx259pejnwH0gZFjKgdjl4QXRj5z4d0O20dUf4L2NzMCqfyvkniCIdo%2Bzzh6c3ANXCm%2FMu9hCMes8MA6Fjt0IzZknCx8gSxHvc6w%3D%3D"}],"group":"cf-nel","max_age":604800}
NEL: {"success_fraction":0,"report_to":"cf-nel","max_age":604800}
Server: cloudflare
CF-RAY: 72df302b0b93ba6b-EZE

{
    "name": "morpheus",
    "job": "leader",
    "id": "520",
    "createdAt": "2022-07-20T22:38:37.653Z"
}
HTTP/1.1 201 Created
Date: Wed, 20 Jul 2022 22:38:37 GMT
Content-Type: application/json; charset=utf-8
Content-Length: 84
Connection: keep-alive
X-Powered-By: Express
Access-Control-Allow-Origin: *
Etag: W/"54-stmPlt+J++bJvqIlU5mX99dQcoM"
Via: 1.1 vegur
CF-Cache-Status: DYNAMIC
Expect-CT: max-age=604800, report-uri="https://report-uri.cloudflare.com/cdn-cgi/beacon/expect-ct"
Report-To: {"endpoints":[{"url":"https:\/\/a.nel.cloudflare.com\/report\/v3?s=uqdHeTLLjmRuJYlOF%2BNrrPyx259pejnwH0gZFjKgdjl4QXRj5z4d0O20dUf4L2NzMCqfyvkniCIdo%2Bzzh6c3ANXCm%2FMu9hCMes8MA6Fjt0IzZknCx8gSxHvc6w%3D%3D"}],"group":"cf-nel","max_age":604800}
NEL: {"success_fraction":0,"report_to":"cf-nel","max_age":604800}
Server: cloudflare
CF-RAY: 72df302b0b93ba6b-EZE

{
    "name": "morpheus",
    "job": "leader",
    "id": "520",
    "createdAt": "2022-07-20T22:38:37.653Z"
}
HTTP/1.1 201 Created
Date: Wed, 20 Jul 2022 22:38:37 GMT
Content-Type: application/json; charset=utf-8
Content-Length: 84
Connection: keep-alive
X-Powered-By: Express
Access-Control-Allow-Origin: *
Etag: W/"54-stmPlt+J++bJvqIlU5mX99dQcoM"
Via: 1.1 vegur
CF-Cache-Status: DYNAMIC
Expect-CT: max-age=604800, report-uri="https://report-uri.cloudflare.com/cdn-cgi/beacon/expect-ct"
Report-To: {"endpoints":[{"url":"https:\/\/a.nel.cloudflare.com\/report\/v3?s=uqdHeTLLjmRuJYlOF%2BNrrPyx259pejnwH0gZFjKgdjl4QXRj5z4d0O20dUf4L2NzMCqfyvkniCIdo%2Bzzh6c3ANXCm%2FMu9hCMes8MA6Fjt0IzZknCx8gSxHvc6w%3D%3D"}],"group":"cf-nel","max_age":604800}
NEL: {"success_fraction":0,"report_to":"cf-nel","max_age":604800}
Server: cloudflare
CF-RAY: 72df302b0b93ba6b-EZE

{
    "name": "morpheus",
    "job": "leader",
    "id": "520",
    "createdAt": "2022-07-20T22:38:37.653Z"
}
****************************************
User{createdAt='2022-07-20T22:38:37.653Z', name='morpheus', id='520', job='leader'}
]]></system-out>
  <system-err><![CDATA[]]></system-err>
</testsuite>
