<?xml version="1.0" encoding="UTF-8"?>
<testsuite name="ReqResTests_4" tests="3" skipped="0" failures="0" errors="0" timestamp="2022-07-20T22:39:20" hostname="AR-IT25022" time="2.201">
  <properties/>
  <testcase name="putUserTest" classname="ReqResTests_4" time="0.792"/>
  <testcase name="patchUserTest" classname="ReqResTests_4" time="0.701"/>
  <testcase name="deleteUserTest" classname="ReqResTests_4" time="0.706"/>
  <system-out><![CDATA[Request method:	PUT
Request URI:	https://reqres.in/api/users/2
Proxy:			<none>
Request params:	<none>
Query params:	<none>
Form params:	<none>
Path params:	<none>
Headers:		Accept=*/*
				Content-Type=application/json; charset=UTF-8
Cookies:		<none>
Multiparts:		<none>
Body:
{
    "name": "morpheus",
    "job": "zion resident"
}
Request method:	PUT
Request URI:	https://reqres.in/api/users/2
Proxy:			<none>
Request params:	<none>
Query params:	<none>
Form params:	<none>
Path params:	<none>
Headers:		Accept=*/*
				Content-Type=application/json; charset=UTF-8
Cookies:		<none>
Multiparts:		<none>
Body:
{
    "name": "morpheus",
    "job": "zion resident"
}
Request method:	PUT
Request URI:	https://reqres.in/api/users/2
Proxy:			<none>
Request params:	<none>
Query params:	<none>
Form params:	<none>
Path params:	<none>
Headers:		Accept=*/*
				Content-Type=application/json; charset=UTF-8
Cookies:		<none>
Multiparts:		<none>
Body:
{
    "name": "morpheus",
    "job": "zion resident"
}
HTTP/1.1 200 OK
Date: Wed, 20 Jul 2022 22:38:35 GMT
Content-Type: application/json; charset=utf-8
Transfer-Encoding: chunked
Connection: keep-alive
X-Powered-By: Express
Access-Control-Allow-Origin: *
Etag: W/"50-9PplnbTVDT/HpUTE2+BGiWHtbF4"
Via: 1.1 vegur
CF-Cache-Status: DYNAMIC
Expect-CT: max-age=604800, report-uri="https://report-uri.cloudflare.com/cdn-cgi/beacon/expect-ct"
Report-To: {"endpoints":[{"url":"https:\/\/a.nel.cloudflare.com\/report\/v3?s=pFCCGmS0Ugyf7B%2BrsIzvurwBcGrNHxXIRmrL2ZhN8exoHHBC2G%2F25s%2B%2B%2BWfRJ9KsteLAJUOv1iiY7mFGW1CsX%2FewU6yVwqnpgaNwDvMC6XkLYkEe9GskQfZYCA%3D%3D"}],"group":"cf-nel","max_age":604800}
NEL: {"success_fraction":0,"report_to":"cf-nel","max_age":604800}
Vary: Accept-Encoding
Server: cloudflare
CF-RAY: 72df301a7e0eba67-EZE
Content-Encoding: gzip

{
    "name": "morpheus",
    "job": "zion resident",
    "updatedAt": "2022-07-20T22:38:35.057Z"
}
HTTP/1.1 200 OK
Date: Wed, 20 Jul 2022 22:38:35 GMT
Content-Type: application/json; charset=utf-8
Transfer-Encoding: chunked
Connection: keep-alive
X-Powered-By: Express
Access-Control-Allow-Origin: *
Etag: W/"50-9PplnbTVDT/HpUTE2+BGiWHtbF4"
Via: 1.1 vegur
CF-Cache-Status: DYNAMIC
Expect-CT: max-age=604800, report-uri="https://report-uri.cloudflare.com/cdn-cgi/beacon/expect-ct"
Report-To: {"endpoints":[{"url":"https:\/\/a.nel.cloudflare.com\/report\/v3?s=pFCCGmS0Ugyf7B%2BrsIzvurwBcGrNHxXIRmrL2ZhN8exoHHBC2G%2F25s%2B%2B%2BWfRJ9KsteLAJUOv1iiY7mFGW1CsX%2FewU6yVwqnpgaNwDvMC6XkLYkEe9GskQfZYCA%3D%3D"}],"group":"cf-nel","max_age":604800}
NEL: {"success_fraction":0,"report_to":"cf-nel","max_age":604800}
Vary: Accept-Encoding
Server: cloudflare
CF-RAY: 72df301a7e0eba67-EZE
Content-Encoding: gzip

{
    "name": "morpheus",
    "job": "zion resident",
    "updatedAt": "2022-07-20T22:38:35.057Z"
}
HTTP/1.1 200 OK
Date: Wed, 20 Jul 2022 22:38:35 GMT
Content-Type: application/json; charset=utf-8
Transfer-Encoding: chunked
Connection: keep-alive
X-Powered-By: Express
Access-Control-Allow-Origin: *
Etag: W/"50-9PplnbTVDT/HpUTE2+BGiWHtbF4"
Via: 1.1 vegur
CF-Cache-Status: DYNAMIC
Expect-CT: max-age=604800, report-uri="https://report-uri.cloudflare.com/cdn-cgi/beacon/expect-ct"
Report-To: {"endpoints":[{"url":"https:\/\/a.nel.cloudflare.com\/report\/v3?s=pFCCGmS0Ugyf7B%2BrsIzvurwBcGrNHxXIRmrL2ZhN8exoHHBC2G%2F25s%2B%2B%2BWfRJ9KsteLAJUOv1iiY7mFGW1CsX%2FewU6yVwqnpgaNwDvMC6XkLYkEe9GskQfZYCA%3D%3D"}],"group":"cf-nel","max_age":604800}
NEL: {"success_fraction":0,"report_to":"cf-nel","max_age":604800}
Vary: Accept-Encoding
Server: cloudflare
CF-RAY: 72df301a7e0eba67-EZE
Content-Encoding: gzip

{
    "name": "morpheus",
    "job": "zion resident",
    "updatedAt": "2022-07-20T22:38:35.057Z"
}
Request method:	PATCH
Request URI:	https://reqres.in/api/users/2
Proxy:			<none>
Request params:	<none>
Query params:	<none>
Form params:	<none>
Path params:	<none>
Headers:		Accept=*/*
				Content-Type=application/json; charset=UTF-8
Cookies:		<none>
Multiparts:		<none>
Body:
{
    "name": "morpheus",
    "job": "zion resident"
}
Request method:	PATCH
Request URI:	https://reqres.in/api/users/2
Proxy:			<none>
Request params:	<none>
Query params:	<none>
Form params:	<none>
Path params:	<none>
Headers:		Accept=*/*
				Content-Type=application/json; charset=UTF-8
Cookies:		<none>
Multiparts:		<none>
Body:
{
    "name": "morpheus",
    "job": "zion resident"
}
Request method:	PATCH
Request URI:	https://reqres.in/api/users/2
Proxy:			<none>
Request params:	<none>
Query params:	<none>
Form params:	<none>
Path params:	<none>
Headers:		Accept=*/*
				Content-Type=application/json; charset=UTF-8
Cookies:		<none>
Multiparts:		<none>
Body:
{
    "name": "morpheus",
    "job": "zion resident"
}
Request method:	PATCH
Request URI:	https://reqres.in/api/users/2
Proxy:			<none>
Request params:	<none>
Query params:	<none>
Form params:	<none>
Path params:	<none>
Headers:		Accept=*/*
				Content-Type=application/json; charset=UTF-8
Cookies:		<none>
Multiparts:		<none>
Body:
{
    "name": "morpheus",
    "job": "zion resident"
}
HTTP/1.1 200 OK
Date: Wed, 20 Jul 2022 22:38:35 GMT
Content-Type: application/json; charset=utf-8
Transfer-Encoding: chunked
Connection: keep-alive
X-Powered-By: Express
Access-Control-Allow-Origin: *
Etag: W/"50-yrYDNr9mGzVeSWPYp4/04i3GkIo"
Via: 1.1 vegur
CF-Cache-Status: DYNAMIC
Expect-CT: max-age=604800, report-uri="https://report-uri.cloudflare.com/cdn-cgi/beacon/expect-ct"
Report-To: {"endpoints":[{"url":"https:\/\/a.nel.cloudflare.com\/report\/v3?s=KvPGdM2ubcfb3Eu2yammrwNg%2BEABm4Pp%2B921xmAf2MLgCdRp8xcV5042lu5hROIO3MDrm2lCZZgoRXGfwBxaOfkxvdGfBMqMuMM2Bwj1veRIqiiUV18cMgx%2BiA%3D%3D"}],"group":"cf-nel","max_age":604800}
NEL: {"success_fraction":0,"report_to":"cf-nel","max_age":604800}
Server: cloudflare
CF-RAY: 72df301f4bb9ba79-EZE
Content-Encoding: gzip

{
    "name": "morpheus",
    "job": "zion resident",
    "updatedAt": "2022-07-20T22:38:35.800Z"
}
HTTP/1.1 200 OK
Date: Wed, 20 Jul 2022 22:38:35 GMT
Content-Type: application/json; charset=utf-8
Transfer-Encoding: chunked
Connection: keep-alive
X-Powered-By: Express
Access-Control-Allow-Origin: *
Etag: W/"50-yrYDNr9mGzVeSWPYp4/04i3GkIo"
Via: 1.1 vegur
CF-Cache-Status: DYNAMIC
Expect-CT: max-age=604800, report-uri="https://report-uri.cloudflare.com/cdn-cgi/beacon/expect-ct"
Report-To: {"endpoints":[{"url":"https:\/\/a.nel.cloudflare.com\/report\/v3?s=KvPGdM2ubcfb3Eu2yammrwNg%2BEABm4Pp%2B921xmAf2MLgCdRp8xcV5042lu5hROIO3MDrm2lCZZgoRXGfwBxaOfkxvdGfBMqMuMM2Bwj1veRIqiiUV18cMgx%2BiA%3D%3D"}],"group":"cf-nel","max_age":604800}
NEL: {"success_fraction":0,"report_to":"cf-nel","max_age":604800}
Server: cloudflare
CF-RAY: 72df301f4bb9ba79-EZE
Content-Encoding: gzip

{
    "name": "morpheus",
    "job": "zion resident",
    "updatedAt": "2022-07-20T22:38:35.800Z"
}
HTTP/1.1 200 OK
Date: Wed, 20 Jul 2022 22:38:35 GMT
Content-Type: application/json; charset=utf-8
Transfer-Encoding: chunked
Connection: keep-alive
X-Powered-By: Express
Access-Control-Allow-Origin: *
Etag: W/"50-yrYDNr9mGzVeSWPYp4/04i3GkIo"
Via: 1.1 vegur
CF-Cache-Status: DYNAMIC
Expect-CT: max-age=604800, report-uri="https://report-uri.cloudflare.com/cdn-cgi/beacon/expect-ct"
Report-To: {"endpoints":[{"url":"https:\/\/a.nel.cloudflare.com\/report\/v3?s=KvPGdM2ubcfb3Eu2yammrwNg%2BEABm4Pp%2B921xmAf2MLgCdRp8xcV5042lu5hROIO3MDrm2lCZZgoRXGfwBxaOfkxvdGfBMqMuMM2Bwj1veRIqiiUV18cMgx%2BiA%3D%3D"}],"group":"cf-nel","max_age":604800}
NEL: {"success_fraction":0,"report_to":"cf-nel","max_age":604800}
Server: cloudflare
CF-RAY: 72df301f4bb9ba79-EZE
Content-Encoding: gzip

{
    "name": "morpheus",
    "job": "zion resident",
    "updatedAt": "2022-07-20T22:38:35.800Z"
}
HTTP/1.1 200 OK
Date: Wed, 20 Jul 2022 22:38:35 GMT
Content-Type: application/json; charset=utf-8
Transfer-Encoding: chunked
Connection: keep-alive
X-Powered-By: Express
Access-Control-Allow-Origin: *
Etag: W/"50-yrYDNr9mGzVeSWPYp4/04i3GkIo"
Via: 1.1 vegur
CF-Cache-Status: DYNAMIC
Expect-CT: max-age=604800, report-uri="https://report-uri.cloudflare.com/cdn-cgi/beacon/expect-ct"
Report-To: {"endpoints":[{"url":"https:\/\/a.nel.cloudflare.com\/report\/v3?s=KvPGdM2ubcfb3Eu2yammrwNg%2BEABm4Pp%2B921xmAf2MLgCdRp8xcV5042lu5hROIO3MDrm2lCZZgoRXGfwBxaOfkxvdGfBMqMuMM2Bwj1veRIqiiUV18cMgx%2BiA%3D%3D"}],"group":"cf-nel","max_age":604800}
NEL: {"success_fraction":0,"report_to":"cf-nel","max_age":604800}
Server: cloudflare
CF-RAY: 72df301f4bb9ba79-EZE
Content-Encoding: gzip

{
    "name": "morpheus",
    "job": "zion resident",
    "updatedAt": "2022-07-20T22:38:35.800Z"
}
Request method:	DELETE
Request URI:	https://reqres.in/api/users/2
Proxy:			<none>
Request params:	<none>
Query params:	<none>
Form params:	<none>
Path params:	<none>
Headers:		Accept=*/*
				Content-Type=application/json; charset=UTF-8
Cookies:		<none>
Multiparts:		<none>
Body:			<none>
Request method:	DELETE
Request URI:	https://reqres.in/api/users/2
Proxy:			<none>
Request params:	<none>
Query params:	<none>
Form params:	<none>
Path params:	<none>
Headers:		Accept=*/*
				Content-Type=application/json; charset=UTF-8
Cookies:		<none>
Multiparts:		<none>
Body:			<none>
Request method:	DELETE
Request URI:	https://reqres.in/api/users/2
Proxy:			<none>
Request params:	<none>
Query params:	<none>
Form params:	<none>
Path params:	<none>
Headers:		Accept=*/*
				Content-Type=application/json; charset=UTF-8
Cookies:		<none>
Multiparts:		<none>
Body:			<none>
Request method:	DELETE
Request URI:	https://reqres.in/api/users/2
Proxy:			<none>
Request params:	<none>
Query params:	<none>
Form params:	<none>
Path params:	<none>
Headers:		Accept=*/*
				Content-Type=application/json; charset=UTF-8
Cookies:		<none>
Multiparts:		<none>
Body:			<none>
Request method:	DELETE
Request URI:	https://reqres.in/api/users/2
Proxy:			<none>
Request params:	<none>
Query params:	<none>
Form params:	<none>
Path params:	<none>
Headers:		Accept=*/*
				Content-Type=application/json; charset=UTF-8
Cookies:		<none>
Multiparts:		<none>
Body:			<none>
Request method:	DELETE
Request URI:	https://reqres.in/api/users/2
Proxy:			<none>
Request params:	<none>
Query params:	<none>
Form params:	<none>
Path params:	<none>
Headers:		Accept=*/*
				Content-Type=application/json; charset=UTF-8
Cookies:		<none>
Multiparts:		<none>
Body:			<none>
HTTP/1.1 204 No Content
Date: Wed, 20 Jul 2022 22:38:36 GMT
Content-Length: 0
Connection: keep-alive
X-Powered-By: Express
Access-Control-Allow-Origin: *
Etag: W/"2-vyGp6PvFo4RvsFtPoIWeCReyIC8"
Via: 1.1 vegur
CF-Cache-Status: DYNAMIC
Expect-CT: max-age=604800, report-uri="https://report-uri.cloudflare.com/cdn-cgi/beacon/expect-ct"
Report-To: {"endpoints":[{"url":"https:\/\/a.nel.cloudflare.com\/report\/v3?s=LC5uZydMz7pS79kUTzLjbF5E3BQ7FDmJvgbYoZI0xbPwnKUEoRtjj%2BDpNj5qVG84GJbU42CT0OtkxdhM8UlNzlxEG71wHdFB6baJPBoh7yB8GxTH5%2BvK%2FgjhgA%3D%3D"}],"group":"cf-nel","max_age":604800}
NEL: {"success_fraction":0,"report_to":"cf-nel","max_age":604800}
Server: cloudflare
CF-RAY: 72df302389eaba71-EZE
HTTP/1.1 204 No Content
Date: Wed, 20 Jul 2022 22:38:36 GMT
Content-Length: 0
Connection: keep-alive
X-Powered-By: Express
Access-Control-Allow-Origin: *
Etag: W/"2-vyGp6PvFo4RvsFtPoIWeCReyIC8"
Via: 1.1 vegur
CF-Cache-Status: DYNAMIC
Expect-CT: max-age=604800, report-uri="https://report-uri.cloudflare.com/cdn-cgi/beacon/expect-ct"
Report-To: {"endpoints":[{"url":"https:\/\/a.nel.cloudflare.com\/report\/v3?s=LC5uZydMz7pS79kUTzLjbF5E3BQ7FDmJvgbYoZI0xbPwnKUEoRtjj%2BDpNj5qVG84GJbU42CT0OtkxdhM8UlNzlxEG71wHdFB6baJPBoh7yB8GxTH5%2BvK%2FgjhgA%3D%3D"}],"group":"cf-nel","max_age":604800}
NEL: {"success_fraction":0,"report_to":"cf-nel","max_age":604800}
Server: cloudflare
CF-RAY: 72df302389eaba71-EZE
HTTP/1.1 204 No Content
Date: Wed, 20 Jul 2022 22:38:36 GMT
Content-Length: 0
Connection: keep-alive
X-Powered-By: Express
Access-Control-Allow-Origin: *
Etag: W/"2-vyGp6PvFo4RvsFtPoIWeCReyIC8"
Via: 1.1 vegur
CF-Cache-Status: DYNAMIC
Expect-CT: max-age=604800, report-uri="https://report-uri.cloudflare.com/cdn-cgi/beacon/expect-ct"
Report-To: {"endpoints":[{"url":"https:\/\/a.nel.cloudflare.com\/report\/v3?s=LC5uZydMz7pS79kUTzLjbF5E3BQ7FDmJvgbYoZI0xbPwnKUEoRtjj%2BDpNj5qVG84GJbU42CT0OtkxdhM8UlNzlxEG71wHdFB6baJPBoh7yB8GxTH5%2BvK%2FgjhgA%3D%3D"}],"group":"cf-nel","max_age":604800}
NEL: {"success_fraction":0,"report_to":"cf-nel","max_age":604800}
Server: cloudflare
CF-RAY: 72df302389eaba71-EZE
HTTP/1.1 204 No Content
Date: Wed, 20 Jul 2022 22:38:36 GMT
Content-Length: 0
Connection: keep-alive
X-Powered-By: Express
Access-Control-Allow-Origin: *
Etag: W/"2-vyGp6PvFo4RvsFtPoIWeCReyIC8"
Via: 1.1 vegur
CF-Cache-Status: DYNAMIC
Expect-CT: max-age=604800, report-uri="https://report-uri.cloudflare.com/cdn-cgi/beacon/expect-ct"
Report-To: {"endpoints":[{"url":"https:\/\/a.nel.cloudflare.com\/report\/v3?s=LC5uZydMz7pS79kUTzLjbF5E3BQ7FDmJvgbYoZI0xbPwnKUEoRtjj%2BDpNj5qVG84GJbU42CT0OtkxdhM8UlNzlxEG71wHdFB6baJPBoh7yB8GxTH5%2BvK%2FgjhgA%3D%3D"}],"group":"cf-nel","max_age":604800}
NEL: {"success_fraction":0,"report_to":"cf-nel","max_age":604800}
Server: cloudflare
CF-RAY: 72df302389eaba71-EZE
HTTP/1.1 204 No Content
Date: Wed, 20 Jul 2022 22:38:36 GMT
Content-Length: 0
Connection: keep-alive
X-Powered-By: Express
Access-Control-Allow-Origin: *
Etag: W/"2-vyGp6PvFo4RvsFtPoIWeCReyIC8"
Via: 1.1 vegur
CF-Cache-Status: DYNAMIC
Expect-CT: max-age=604800, report-uri="https://report-uri.cloudflare.com/cdn-cgi/beacon/expect-ct"
Report-To: {"endpoints":[{"url":"https:\/\/a.nel.cloudflare.com\/report\/v3?s=LC5uZydMz7pS79kUTzLjbF5E3BQ7FDmJvgbYoZI0xbPwnKUEoRtjj%2BDpNj5qVG84GJbU42CT0OtkxdhM8UlNzlxEG71wHdFB6baJPBoh7yB8GxTH5%2BvK%2FgjhgA%3D%3D"}],"group":"cf-nel","max_age":604800}
NEL: {"success_fraction":0,"report_to":"cf-nel","max_age":604800}
Server: cloudflare
CF-RAY: 72df302389eaba71-EZE
]]></system-out>
  <system-err><![CDATA[]]></system-err>
</testsuite>
