<?xml version="1.0" encoding="UTF-8"?>
<testsuite name="ReqResTests_7" tests="1" skipped="0" failures="0" errors="0" timestamp="2022-07-22T16:03:25" hostname="AR-IT25022" time="0.923">
  <properties/>
  <testcase name="createUserTest" classname="ReqResTests_7" time="0.923"/>
  <system-out><![CDATA[Request method:	POST
Request URI:	https://reqres.in/api/users
Proxy:			<none>
Request params:	<none>
Query params:	<none>
Form params:	<none>
Path params:	<none>
Headers:		Accept=*/*
				Content-Type=application/json; charset=UTF-8
Cookies:		<none>
Multiparts:		<none>
Body:
{
    "name": "morpheus",
    "job": "leader"
}
Request method:	POST
Request URI:	https://reqres.in/api/users
Proxy:			<none>
Request params:	<none>
Query params:	<none>
Form params:	<none>
Path params:	<none>
Headers:		Accept=*/*
				Content-Type=application/json; charset=UTF-8
Cookies:		<none>
Multiparts:		<none>
Body:
{
    "name": "morpheus",
    "job": "leader"
}
Request method:	POST
Request URI:	https://reqres.in/api/users
Proxy:			<none>
Request params:	<none>
Query params:	<none>
Form params:	<none>
Path params:	<none>
Headers:		Accept=*/*
				Content-Type=application/json; charset=UTF-8
Cookies:		<none>
Multiparts:		<none>
Body:
{
    "name": "morpheus",
    "job": "leader"
}
Request method:	POST
Request URI:	https://reqres.in/api/users
Proxy:			<none>
Request params:	<none>
Query params:	<none>
Form params:	<none>
Path params:	<none>
Headers:		Accept=*/*
				Content-Type=application/json; charset=UTF-8
Cookies:		<none>
Multiparts:		<none>
Body:
{
    "name": "morpheus",
    "job": "leader"
}
Request method:	POST
Request URI:	https://reqres.in/api/users
Proxy:			<none>
Request params:	<none>
Query params:	<none>
Form params:	<none>
Path params:	<none>
Headers:		Accept=*/*
				Content-Type=application/json; charset=UTF-8
Cookies:		<none>
Multiparts:		<none>
Body:
{
    "name": "morpheus",
    "job": "leader"
}
Request method:	POST
Request URI:	https://reqres.in/api/users
Proxy:			<none>
Request params:	<none>
Query params:	<none>
Form params:	<none>
Path params:	<none>
Headers:		Accept=*/*
				Content-Type=application/json; charset=UTF-8
Cookies:		<none>
Multiparts:		<none>
Body:
{
    "name": "morpheus",
    "job": "leader"
}
Request method:	POST
Request URI:	https://reqres.in/api/users
Proxy:			<none>
Request params:	<none>
Query params:	<none>
Form params:	<none>
Path params:	<none>
Headers:		Accept=*/*
				Content-Type=application/json; charset=UTF-8
Cookies:		<none>
Multiparts:		<none>
Body:
{
    "name": "morpheus",
    "job": "leader"
}
Request method:	POST
Request URI:	https://reqres.in/api/users
Proxy:			<none>
Request params:	<none>
Query params:	<none>
Form params:	<none>
Path params:	<none>
Headers:		Accept=*/*
				Content-Type=application/json; charset=UTF-8
Cookies:		<none>
Multiparts:		<none>
Body:
{
    "name": "morpheus",
    "job": "leader"
}
13:03:25.151 [Test worker] ERROR io.qameta.allure.AllureLifecycle - Could not add attachment: no test is running
13:03:26.027 [Test worker] ERROR io.qameta.allure.AllureLifecycle - Could not add attachment: no test is running
HTTP/1.1 201 Created
Date: Fri, 22 Jul 2022 16:02:40 GMT
Content-Type: application/json; charset=utf-8
Content-Length: 83
Connection: keep-alive
X-Powered-By: Express
Access-Control-Allow-Origin: *
Etag: W/"53-dbOSxFBNrsOV9PlaDUGexR1uBiA"
Via: 1.1 vegur
CF-Cache-Status: DYNAMIC
Expect-CT: max-age=604800, report-uri="https://report-uri.cloudflare.com/cdn-cgi/beacon/expect-ct"
Report-To: {"endpoints":[{"url":"https:\/\/a.nel.cloudflare.com\/report\/v3?s=Mz5LOqYgHqDLI4HbO0v7FacvwP1K3ZWWRREzM0nB7URBQAjdLkHxP3sc8XaUsMNY3SaryQmgh4hHtmkDtKfokm%2F78KRgGSp%2FzmN6k0cPz4A18isqJpSzzCEHGA%3D%3D"}],"group":"cf-nel","max_age":604800}
NEL: {"success_fraction":0,"report_to":"cf-nel","max_age":604800}
Server: cloudflare
CF-RAY: 72ed66e90e5fd2dc-EZE

{
    "name": "morpheus",
    "job": "leader",
    "id": "92",
    "createdAt": "2022-07-22T16:02:40.629Z"
}
HTTP/1.1 201 Created
Date: Fri, 22 Jul 2022 16:02:40 GMT
Content-Type: application/json; charset=utf-8
Content-Length: 83
Connection: keep-alive
X-Powered-By: Express
Access-Control-Allow-Origin: *
Etag: W/"53-dbOSxFBNrsOV9PlaDUGexR1uBiA"
Via: 1.1 vegur
CF-Cache-Status: DYNAMIC
Expect-CT: max-age=604800, report-uri="https://report-uri.cloudflare.com/cdn-cgi/beacon/expect-ct"
Report-To: {"endpoints":[{"url":"https:\/\/a.nel.cloudflare.com\/report\/v3?s=Mz5LOqYgHqDLI4HbO0v7FacvwP1K3ZWWRREzM0nB7URBQAjdLkHxP3sc8XaUsMNY3SaryQmgh4hHtmkDtKfokm%2F78KRgGSp%2FzmN6k0cPz4A18isqJpSzzCEHGA%3D%3D"}],"group":"cf-nel","max_age":604800}
NEL: {"success_fraction":0,"report_to":"cf-nel","max_age":604800}
Server: cloudflare
CF-RAY: 72ed66e90e5fd2dc-EZE

{
    "name": "morpheus",
    "job": "leader",
    "id": "92",
    "createdAt": "2022-07-22T16:02:40.629Z"
}
HTTP/1.1 201 Created
Date: Fri, 22 Jul 2022 16:02:40 GMT
Content-Type: application/json; charset=utf-8
Content-Length: 83
Connection: keep-alive
X-Powered-By: Express
Access-Control-Allow-Origin: *
Etag: W/"53-dbOSxFBNrsOV9PlaDUGexR1uBiA"
Via: 1.1 vegur
CF-Cache-Status: DYNAMIC
Expect-CT: max-age=604800, report-uri="https://report-uri.cloudflare.com/cdn-cgi/beacon/expect-ct"
Report-To: {"endpoints":[{"url":"https:\/\/a.nel.cloudflare.com\/report\/v3?s=Mz5LOqYgHqDLI4HbO0v7FacvwP1K3ZWWRREzM0nB7URBQAjdLkHxP3sc8XaUsMNY3SaryQmgh4hHtmkDtKfokm%2F78KRgGSp%2FzmN6k0cPz4A18isqJpSzzCEHGA%3D%3D"}],"group":"cf-nel","max_age":604800}
NEL: {"success_fraction":0,"report_to":"cf-nel","max_age":604800}
Server: cloudflare
CF-RAY: 72ed66e90e5fd2dc-EZE

{
    "name": "morpheus",
    "job": "leader",
    "id": "92",
    "createdAt": "2022-07-22T16:02:40.629Z"
}
HTTP/1.1 201 Created
Date: Fri, 22 Jul 2022 16:02:40 GMT
Content-Type: application/json; charset=utf-8
Content-Length: 83
Connection: keep-alive
X-Powered-By: Express
Access-Control-Allow-Origin: *
Etag: W/"53-dbOSxFBNrsOV9PlaDUGexR1uBiA"
Via: 1.1 vegur
CF-Cache-Status: DYNAMIC
Expect-CT: max-age=604800, report-uri="https://report-uri.cloudflare.com/cdn-cgi/beacon/expect-ct"
Report-To: {"endpoints":[{"url":"https:\/\/a.nel.cloudflare.com\/report\/v3?s=Mz5LOqYgHqDLI4HbO0v7FacvwP1K3ZWWRREzM0nB7URBQAjdLkHxP3sc8XaUsMNY3SaryQmgh4hHtmkDtKfokm%2F78KRgGSp%2FzmN6k0cPz4A18isqJpSzzCEHGA%3D%3D"}],"group":"cf-nel","max_age":604800}
NEL: {"success_fraction":0,"report_to":"cf-nel","max_age":604800}
Server: cloudflare
CF-RAY: 72ed66e90e5fd2dc-EZE

{
    "name": "morpheus",
    "job": "leader",
    "id": "92",
    "createdAt": "2022-07-22T16:02:40.629Z"
}
HTTP/1.1 201 Created
Date: Fri, 22 Jul 2022 16:02:40 GMT
Content-Type: application/json; charset=utf-8
Content-Length: 83
Connection: keep-alive
X-Powered-By: Express
Access-Control-Allow-Origin: *
Etag: W/"53-dbOSxFBNrsOV9PlaDUGexR1uBiA"
Via: 1.1 vegur
CF-Cache-Status: DYNAMIC
Expect-CT: max-age=604800, report-uri="https://report-uri.cloudflare.com/cdn-cgi/beacon/expect-ct"
Report-To: {"endpoints":[{"url":"https:\/\/a.nel.cloudflare.com\/report\/v3?s=Mz5LOqYgHqDLI4HbO0v7FacvwP1K3ZWWRREzM0nB7URBQAjdLkHxP3sc8XaUsMNY3SaryQmgh4hHtmkDtKfokm%2F78KRgGSp%2FzmN6k0cPz4A18isqJpSzzCEHGA%3D%3D"}],"group":"cf-nel","max_age":604800}
NEL: {"success_fraction":0,"report_to":"cf-nel","max_age":604800}
Server: cloudflare
CF-RAY: 72ed66e90e5fd2dc-EZE

{
    "name": "morpheus",
    "job": "leader",
    "id": "92",
    "createdAt": "2022-07-22T16:02:40.629Z"
}
HTTP/1.1 201 Created
Date: Fri, 22 Jul 2022 16:02:40 GMT
Content-Type: application/json; charset=utf-8
Content-Length: 83
Connection: keep-alive
X-Powered-By: Express
Access-Control-Allow-Origin: *
Etag: W/"53-dbOSxFBNrsOV9PlaDUGexR1uBiA"
Via: 1.1 vegur
CF-Cache-Status: DYNAMIC
Expect-CT: max-age=604800, report-uri="https://report-uri.cloudflare.com/cdn-cgi/beacon/expect-ct"
Report-To: {"endpoints":[{"url":"https:\/\/a.nel.cloudflare.com\/report\/v3?s=Mz5LOqYgHqDLI4HbO0v7FacvwP1K3ZWWRREzM0nB7URBQAjdLkHxP3sc8XaUsMNY3SaryQmgh4hHtmkDtKfokm%2F78KRgGSp%2FzmN6k0cPz4A18isqJpSzzCEHGA%3D%3D"}],"group":"cf-nel","max_age":604800}
NEL: {"success_fraction":0,"report_to":"cf-nel","max_age":604800}
Server: cloudflare
CF-RAY: 72ed66e90e5fd2dc-EZE

{
    "name": "morpheus",
    "job": "leader",
    "id": "92",
    "createdAt": "2022-07-22T16:02:40.629Z"
}
HTTP/1.1 201 Created
Date: Fri, 22 Jul 2022 16:02:40 GMT
Content-Type: application/json; charset=utf-8
Content-Length: 83
Connection: keep-alive
X-Powered-By: Express
Access-Control-Allow-Origin: *
Etag: W/"53-dbOSxFBNrsOV9PlaDUGexR1uBiA"
Via: 1.1 vegur
CF-Cache-Status: DYNAMIC
Expect-CT: max-age=604800, report-uri="https://report-uri.cloudflare.com/cdn-cgi/beacon/expect-ct"
Report-To: {"endpoints":[{"url":"https:\/\/a.nel.cloudflare.com\/report\/v3?s=Mz5LOqYgHqDLI4HbO0v7FacvwP1K3ZWWRREzM0nB7URBQAjdLkHxP3sc8XaUsMNY3SaryQmgh4hHtmkDtKfokm%2F78KRgGSp%2FzmN6k0cPz4A18isqJpSzzCEHGA%3D%3D"}],"group":"cf-nel","max_age":604800}
NEL: {"success_fraction":0,"report_to":"cf-nel","max_age":604800}
Server: cloudflare
CF-RAY: 72ed66e90e5fd2dc-EZE

{
    "name": "morpheus",
    "job": "leader",
    "id": "92",
    "createdAt": "2022-07-22T16:02:40.629Z"
}
HTTP/1.1 201 Created
Date: Fri, 22 Jul 2022 16:02:40 GMT
Content-Type: application/json; charset=utf-8
Content-Length: 83
Connection: keep-alive
X-Powered-By: Express
Access-Control-Allow-Origin: *
Etag: W/"53-dbOSxFBNrsOV9PlaDUGexR1uBiA"
Via: 1.1 vegur
CF-Cache-Status: DYNAMIC
Expect-CT: max-age=604800, report-uri="https://report-uri.cloudflare.com/cdn-cgi/beacon/expect-ct"
Report-To: {"endpoints":[{"url":"https:\/\/a.nel.cloudflare.com\/report\/v3?s=Mz5LOqYgHqDLI4HbO0v7FacvwP1K3ZWWRREzM0nB7URBQAjdLkHxP3sc8XaUsMNY3SaryQmgh4hHtmkDtKfokm%2F78KRgGSp%2FzmN6k0cPz4A18isqJpSzzCEHGA%3D%3D"}],"group":"cf-nel","max_age":604800}
NEL: {"success_fraction":0,"report_to":"cf-nel","max_age":604800}
Server: cloudflare
CF-RAY: 72ed66e90e5fd2dc-EZE

{
    "name": "morpheus",
    "job": "leader",
    "id": "92",
    "createdAt": "2022-07-22T16:02:40.629Z"
}
****************************************
User{createdAt='2022-07-22T16:02:40.629Z', name='morpheus', id='92', job='leader'}
]]></system-out>
  <system-err><![CDATA[]]></system-err>
</testsuite>
