<?xml version="1.0" encoding="UTF-8"?>
<testsuite name="ReqResTests_10" tests="1" skipped="0" failures="0" errors="0" timestamp="2022-07-21T22:43:30" hostname="AR-IT25022" time="3.76">
  <properties/>
  <testcase name="registerUserWithPatterBuilder" classname="ReqResTests_10" time="3.76"/>
  <system-out><![CDATA[2022-07-21T19:43:31,485 [Test worker] INFO  (BaseTest.java:21) - Iniciando la configuracion
2022-07-21T19:43:31,510 [Test worker] INFO  (ApplicationProperties.java:31) - Property file to read application-dev.properties
2022-07-21T19:43:31,512 [Test worker] INFO  (BaseTest.java:23) - finalizando la configuraciÃ³n
****************************************************
Request method:	POST
Request URI:	https://reqres.in/api/register
Proxy:			<none>
Request params:	<none>
Query params:	<none>
Form params:	<none>
Path params:	<none>
Headers:		Accept=*/*
				Content-Type=application/json; charset=UTF-8
Cookies:		<none>
Multiparts:		<none>
Body:
{
    "password": "pistol",
    "email": "eve.holt@reqres.in"
}
19:43:32.728 [Test worker] ERROR io.qameta.allure.AllureLifecycle - Could not add attachment: no test is running
19:43:34.525 [Test worker] ERROR io.qameta.allure.AllureLifecycle - Could not add attachment: no test is running
HTTP/1.1 200 OK
Date: Thu, 21 Jul 2022 22:42:48 GMT
Content-Type: application/json; charset=utf-8
Content-Length: 36
Connection: keep-alive
X-Powered-By: Express
Access-Control-Allow-Origin: *
Etag: W/"24-4iP0za1geN2he+ohu8F0FhCjLks"
Via: 1.1 vegur
CF-Cache-Status: DYNAMIC
Expect-CT: max-age=604800, report-uri="https://report-uri.cloudflare.com/cdn-cgi/beacon/expect-ct"
Report-To: {"endpoints":[{"url":"https:\/\/a.nel.cloudflare.com\/report\/v3?s=AfXdqSQz4LU6xrSIp3fPBQtO%2B99VXCxWMYCuPcnMB1zGmK%2FfEwObcLlDS%2B1LyBw4ji12%2FS4RUX9H76uCa0sq0%2F5DNhaMkHDo6bYJK%2F0%2BAFSyIJssCMYhB6rHFw%3D%3D"}],"group":"cf-nel","max_age":604800}
NEL: {"success_fraction":0,"report_to":"cf-nel","max_age":604800}
Server: cloudflare
CF-RAY: 72e773ac69c5ba74-EZE

{
    "id": 4,
    "token": "QpwL5tke4Pnpja7X4"
}
******************* ASSERT *********************
]]></system-out>
  <system-err><![CDATA[]]></system-err>
</testsuite>
