<?xml version="1.0" encoding="UTF-8"?>
<testsuite name="ReqResTests_9" tests="1" skipped="0" failures="0" errors="0" timestamp="2022-02-01T20:11:54" hostname="AR-IT25022" time="1.732">
  <properties/>
  <testcase name="getSingleUserTest" classname="ReqResTests_9" time="1.732"/>
  <system-out><![CDATA[2022-02-01T17:11:54,424 [Test worker] INFO  (BaseTest.java:21) - Iniciando la configuracion
2022-02-01T17:11:54,433 [Test worker] INFO  (ApplicationProperties.java:31) - Property file to read application-dev.properties
2022-02-01T17:11:54,435 [Test worker] INFO  (BaseTest.java:23) - finalizando la configuraciÃ³n
****************************************************
Request method:	GET
Request URI:	http://reqres.in/api/users/2
Proxy:			<none>
Request params:	<none>
Query params:	<none>
Form params:	<none>
Path params:	<none>
Headers:		Accept=*/*
				Content-Type=application/json; charset=UTF-8
Cookies:		<none>
Multiparts:		<none>
Body:			<none>
Request method:	GET
Request URI:	http://reqres.in/api/users/2
Proxy:			<none>
Request params:	<none>
Query params:	<none>
Form params:	<none>
Path params:	<none>
Headers:		Accept=*/*
				Content-Type=application/json; charset=UTF-8
Cookies:		<none>
Multiparts:		<none>
Body:			<none>
Request method:	GET
Request URI:	http://reqres.in/api/users/2
Proxy:			<none>
Request params:	<none>
Query params:	<none>
Form params:	<none>
Path params:	<none>
Headers:		Accept=*/*
				Content-Type=application/json; charset=UTF-8
Cookies:		<none>
Multiparts:		<none>
Body:			<none>
Request method:	GET
Request URI:	http://reqres.in/api/users/2
Proxy:			<none>
Request params:	<none>
Query params:	<none>
Form params:	<none>
Path params:	<none>
Headers:		Accept=*/*
				Content-Type=application/json; charset=UTF-8
Cookies:		<none>
Multiparts:		<none>
Body:			<none>
Request method:	GET
Request URI:	http://reqres.in/api/users/2
Proxy:			<none>
Request params:	<none>
Query params:	<none>
Form params:	<none>
Path params:	<none>
Headers:		Accept=*/*
				Content-Type=application/json; charset=UTF-8
Cookies:		<none>
Multiparts:		<none>
Body:			<none>
Request method:	GET
Request URI:	http://reqres.in/api/users/2
Proxy:			<none>
Request params:	<none>
Query params:	<none>
Form params:	<none>
Path params:	<none>
Headers:		Accept=*/*
				Content-Type=application/json; charset=UTF-8
Cookies:		<none>
Multiparts:		<none>
Body:			<none>
Request method:	GET
Request URI:	http://reqres.in/api/users/2
Proxy:			<none>
Request params:	<none>
Query params:	<none>
Form params:	<none>
Path params:	<none>
Headers:		Accept=*/*
				Content-Type=application/json; charset=UTF-8
Cookies:		<none>
Multiparts:		<none>
Body:			<none>
Request method:	GET
Request URI:	http://reqres.in/api/users/2
Proxy:			<none>
Request params:	<none>
Query params:	<none>
Form params:	<none>
Path params:	<none>
Headers:		Accept=*/*
				Content-Type=application/json; charset=UTF-8
Cookies:		<none>
Multiparts:		<none>
Body:			<none>
Request method:	GET
Request URI:	http://reqres.in/api/users/2
Proxy:			<none>
Request params:	<none>
Query params:	<none>
Form params:	<none>
Path params:	<none>
Headers:		Accept=*/*
				Content-Type=application/json; charset=UTF-8
Cookies:		<none>
Multiparts:		<none>
Body:			<none>
HTTP/1.1 200 OK
Date: Tue, 01 Feb 2022 20:11:55 GMT
Content-Type: application/json; charset=utf-8
Transfer-Encoding: chunked
Connection: keep-alive
x-powered-by: Express
access-control-allow-origin: *
etag: W/"118-pbdwwFo9SKNhD3Lx5iHJyngpq00"
via: 1.1 vegur
Cache-Control: max-age=14400
CF-Cache-Status: HIT
Age: 755
Expect-CT: max-age=604800, report-uri="https://report-uri.cloudflare.com/cdn-cgi/beacon/expect-ct"
Report-To: {"endpoints":[{"url":"https:\/\/a.nel.cloudflare.com\/report\/v3?s=KNhGX5suUlylpDJmpaWPCxWTEecp1sQ1kwdFA4SrQ6wmiQJWeUzQbHBDAIJSdYYA2XL32g0lU0V%2BIHeFuyv5V9wziaayTYYqqpVWEiF2bdTS9KY1DSQNqvspVEE%3D"}],"group":"cf-nel","max_age":604800}
NEL: {"success_fraction":0,"report_to":"cf-nel","max_age":604800}
Vary: Accept-Encoding
Server: cloudflare
CF-RAY: 6d6dd4e8adf38da2-MIA
Content-Encoding: gzip
alt-svc: h3=":443"; ma=86400, h3-29=":443"; ma=86400

{
    "data": {
        "id": 2,
        "email": "janet.weaver@reqres.in",
        "first_name": "Janet",
        "last_name": "Weaver",
        "avatar": "https://reqres.in/img/faces/2-image.jpg"
    },
    "support": {
        "url": "https://reqres.in/#support-heading",
        "text": "To keep ReqRes free, contributions towards server costs are appreciated!"
    }
}
HTTP/1.1 200 OK
Date: Tue, 01 Feb 2022 20:11:55 GMT
Content-Type: application/json; charset=utf-8
Transfer-Encoding: chunked
Connection: keep-alive
x-powered-by: Express
access-control-allow-origin: *
etag: W/"118-pbdwwFo9SKNhD3Lx5iHJyngpq00"
via: 1.1 vegur
Cache-Control: max-age=14400
CF-Cache-Status: HIT
Age: 755
Expect-CT: max-age=604800, report-uri="https://report-uri.cloudflare.com/cdn-cgi/beacon/expect-ct"
Report-To: {"endpoints":[{"url":"https:\/\/a.nel.cloudflare.com\/report\/v3?s=KNhGX5suUlylpDJmpaWPCxWTEecp1sQ1kwdFA4SrQ6wmiQJWeUzQbHBDAIJSdYYA2XL32g0lU0V%2BIHeFuyv5V9wziaayTYYqqpVWEiF2bdTS9KY1DSQNqvspVEE%3D"}],"group":"cf-nel","max_age":604800}
NEL: {"success_fraction":0,"report_to":"cf-nel","max_age":604800}
Vary: Accept-Encoding
Server: cloudflare
CF-RAY: 6d6dd4e8adf38da2-MIA
Content-Encoding: gzip
alt-svc: h3=":443"; ma=86400, h3-29=":443"; ma=86400

{
    "data": {
        "id": 2,
        "email": "janet.weaver@reqres.in",
        "first_name": "Janet",
        "last_name": "Weaver",
        "avatar": "https://reqres.in/img/faces/2-image.jpg"
    },
    "support": {
        "url": "https://reqres.in/#support-heading",
        "text": "To keep ReqRes free, contributions towards server costs are appreciated!"
    }
}
HTTP/1.1 200 OK
Date: Tue, 01 Feb 2022 20:11:55 GMT
Content-Type: application/json; charset=utf-8
Transfer-Encoding: chunked
Connection: keep-alive
x-powered-by: Express
access-control-allow-origin: *
etag: W/"118-pbdwwFo9SKNhD3Lx5iHJyngpq00"
via: 1.1 vegur
Cache-Control: max-age=14400
CF-Cache-Status: HIT
Age: 755
Expect-CT: max-age=604800, report-uri="https://report-uri.cloudflare.com/cdn-cgi/beacon/expect-ct"
Report-To: {"endpoints":[{"url":"https:\/\/a.nel.cloudflare.com\/report\/v3?s=KNhGX5suUlylpDJmpaWPCxWTEecp1sQ1kwdFA4SrQ6wmiQJWeUzQbHBDAIJSdYYA2XL32g0lU0V%2BIHeFuyv5V9wziaayTYYqqpVWEiF2bdTS9KY1DSQNqvspVEE%3D"}],"group":"cf-nel","max_age":604800}
NEL: {"success_fraction":0,"report_to":"cf-nel","max_age":604800}
Vary: Accept-Encoding
Server: cloudflare
CF-RAY: 6d6dd4e8adf38da2-MIA
Content-Encoding: gzip
alt-svc: h3=":443"; ma=86400, h3-29=":443"; ma=86400

{
    "data": {
        "id": 2,
        "email": "janet.weaver@reqres.in",
        "first_name": "Janet",
        "last_name": "Weaver",
        "avatar": "https://reqres.in/img/faces/2-image.jpg"
    },
    "support": {
        "url": "https://reqres.in/#support-heading",
        "text": "To keep ReqRes free, contributions towards server costs are appreciated!"
    }
}
HTTP/1.1 200 OK
Date: Tue, 01 Feb 2022 20:11:55 GMT
Content-Type: application/json; charset=utf-8
Transfer-Encoding: chunked
Connection: keep-alive
x-powered-by: Express
access-control-allow-origin: *
etag: W/"118-pbdwwFo9SKNhD3Lx5iHJyngpq00"
via: 1.1 vegur
Cache-Control: max-age=14400
CF-Cache-Status: HIT
Age: 755
Expect-CT: max-age=604800, report-uri="https://report-uri.cloudflare.com/cdn-cgi/beacon/expect-ct"
Report-To: {"endpoints":[{"url":"https:\/\/a.nel.cloudflare.com\/report\/v3?s=KNhGX5suUlylpDJmpaWPCxWTEecp1sQ1kwdFA4SrQ6wmiQJWeUzQbHBDAIJSdYYA2XL32g0lU0V%2BIHeFuyv5V9wziaayTYYqqpVWEiF2bdTS9KY1DSQNqvspVEE%3D"}],"group":"cf-nel","max_age":604800}
NEL: {"success_fraction":0,"report_to":"cf-nel","max_age":604800}
Vary: Accept-Encoding
Server: cloudflare
CF-RAY: 6d6dd4e8adf38da2-MIA
Content-Encoding: gzip
alt-svc: h3=":443"; ma=86400, h3-29=":443"; ma=86400

{
    "data": {
        "id": 2,
        "email": "janet.weaver@reqres.in",
        "first_name": "Janet",
        "last_name": "Weaver",
        "avatar": "https://reqres.in/img/faces/2-image.jpg"
    },
    "support": {
        "url": "https://reqres.in/#support-heading",
        "text": "To keep ReqRes free, contributions towards server costs are appreciated!"
    }
}
HTTP/1.1 200 OK
Date: Tue, 01 Feb 2022 20:11:55 GMT
Content-Type: application/json; charset=utf-8
Transfer-Encoding: chunked
Connection: keep-alive
x-powered-by: Express
access-control-allow-origin: *
etag: W/"118-pbdwwFo9SKNhD3Lx5iHJyngpq00"
via: 1.1 vegur
Cache-Control: max-age=14400
CF-Cache-Status: HIT
Age: 755
Expect-CT: max-age=604800, report-uri="https://report-uri.cloudflare.com/cdn-cgi/beacon/expect-ct"
Report-To: {"endpoints":[{"url":"https:\/\/a.nel.cloudflare.com\/report\/v3?s=KNhGX5suUlylpDJmpaWPCxWTEecp1sQ1kwdFA4SrQ6wmiQJWeUzQbHBDAIJSdYYA2XL32g0lU0V%2BIHeFuyv5V9wziaayTYYqqpVWEiF2bdTS9KY1DSQNqvspVEE%3D"}],"group":"cf-nel","max_age":604800}
NEL: {"success_fraction":0,"report_to":"cf-nel","max_age":604800}
Vary: Accept-Encoding
Server: cloudflare
CF-RAY: 6d6dd4e8adf38da2-MIA
Content-Encoding: gzip
alt-svc: h3=":443"; ma=86400, h3-29=":443"; ma=86400

{
    "data": {
        "id": 2,
        "email": "janet.weaver@reqres.in",
        "first_name": "Janet",
        "last_name": "Weaver",
        "avatar": "https://reqres.in/img/faces/2-image.jpg"
    },
    "support": {
        "url": "https://reqres.in/#support-heading",
        "text": "To keep ReqRes free, contributions towards server costs are appreciated!"
    }
}
HTTP/1.1 200 OK
Date: Tue, 01 Feb 2022 20:11:55 GMT
Content-Type: application/json; charset=utf-8
Transfer-Encoding: chunked
Connection: keep-alive
x-powered-by: Express
access-control-allow-origin: *
etag: W/"118-pbdwwFo9SKNhD3Lx5iHJyngpq00"
via: 1.1 vegur
Cache-Control: max-age=14400
CF-Cache-Status: HIT
Age: 755
Expect-CT: max-age=604800, report-uri="https://report-uri.cloudflare.com/cdn-cgi/beacon/expect-ct"
Report-To: {"endpoints":[{"url":"https:\/\/a.nel.cloudflare.com\/report\/v3?s=KNhGX5suUlylpDJmpaWPCxWTEecp1sQ1kwdFA4SrQ6wmiQJWeUzQbHBDAIJSdYYA2XL32g0lU0V%2BIHeFuyv5V9wziaayTYYqqpVWEiF2bdTS9KY1DSQNqvspVEE%3D"}],"group":"cf-nel","max_age":604800}
NEL: {"success_fraction":0,"report_to":"cf-nel","max_age":604800}
Vary: Accept-Encoding
Server: cloudflare
CF-RAY: 6d6dd4e8adf38da2-MIA
Content-Encoding: gzip
alt-svc: h3=":443"; ma=86400, h3-29=":443"; ma=86400

{
    "data": {
        "id": 2,
        "email": "janet.weaver@reqres.in",
        "first_name": "Janet",
        "last_name": "Weaver",
        "avatar": "https://reqres.in/img/faces/2-image.jpg"
    },
    "support": {
        "url": "https://reqres.in/#support-heading",
        "text": "To keep ReqRes free, contributions towards server costs are appreciated!"
    }
}
HTTP/1.1 200 OK
Date: Tue, 01 Feb 2022 20:11:55 GMT
Content-Type: application/json; charset=utf-8
Transfer-Encoding: chunked
Connection: keep-alive
x-powered-by: Express
access-control-allow-origin: *
etag: W/"118-pbdwwFo9SKNhD3Lx5iHJyngpq00"
via: 1.1 vegur
Cache-Control: max-age=14400
CF-Cache-Status: HIT
Age: 755
Expect-CT: max-age=604800, report-uri="https://report-uri.cloudflare.com/cdn-cgi/beacon/expect-ct"
Report-To: {"endpoints":[{"url":"https:\/\/a.nel.cloudflare.com\/report\/v3?s=KNhGX5suUlylpDJmpaWPCxWTEecp1sQ1kwdFA4SrQ6wmiQJWeUzQbHBDAIJSdYYA2XL32g0lU0V%2BIHeFuyv5V9wziaayTYYqqpVWEiF2bdTS9KY1DSQNqvspVEE%3D"}],"group":"cf-nel","max_age":604800}
NEL: {"success_fraction":0,"report_to":"cf-nel","max_age":604800}
Vary: Accept-Encoding
Server: cloudflare
CF-RAY: 6d6dd4e8adf38da2-MIA
Content-Encoding: gzip
alt-svc: h3=":443"; ma=86400, h3-29=":443"; ma=86400

{
    "data": {
        "id": 2,
        "email": "janet.weaver@reqres.in",
        "first_name": "Janet",
        "last_name": "Weaver",
        "avatar": "https://reqres.in/img/faces/2-image.jpg"
    },
    "support": {
        "url": "https://reqres.in/#support-heading",
        "text": "To keep ReqRes free, contributions towards server costs are appreciated!"
    }
}
HTTP/1.1 200 OK
Date: Tue, 01 Feb 2022 20:11:55 GMT
Content-Type: application/json; charset=utf-8
Transfer-Encoding: chunked
Connection: keep-alive
x-powered-by: Express
access-control-allow-origin: *
etag: W/"118-pbdwwFo9SKNhD3Lx5iHJyngpq00"
via: 1.1 vegur
Cache-Control: max-age=14400
CF-Cache-Status: HIT
Age: 755
Expect-CT: max-age=604800, report-uri="https://report-uri.cloudflare.com/cdn-cgi/beacon/expect-ct"
Report-To: {"endpoints":[{"url":"https:\/\/a.nel.cloudflare.com\/report\/v3?s=KNhGX5suUlylpDJmpaWPCxWTEecp1sQ1kwdFA4SrQ6wmiQJWeUzQbHBDAIJSdYYA2XL32g0lU0V%2BIHeFuyv5V9wziaayTYYqqpVWEiF2bdTS9KY1DSQNqvspVEE%3D"}],"group":"cf-nel","max_age":604800}
NEL: {"success_fraction":0,"report_to":"cf-nel","max_age":604800}
Vary: Accept-Encoding
Server: cloudflare
CF-RAY: 6d6dd4e8adf38da2-MIA
Content-Encoding: gzip
alt-svc: h3=":443"; ma=86400, h3-29=":443"; ma=86400

{
    "data": {
        "id": 2,
        "email": "janet.weaver@reqres.in",
        "first_name": "Janet",
        "last_name": "Weaver",
        "avatar": "https://reqres.in/img/faces/2-image.jpg"
    },
    "support": {
        "url": "https://reqres.in/#support-heading",
        "text": "To keep ReqRes free, contributions towards server costs are appreciated!"
    }
}
HTTP/1.1 200 OK
Date: Tue, 01 Feb 2022 20:11:55 GMT
Content-Type: application/json; charset=utf-8
Transfer-Encoding: chunked
Connection: keep-alive
x-powered-by: Express
access-control-allow-origin: *
etag: W/"118-pbdwwFo9SKNhD3Lx5iHJyngpq00"
via: 1.1 vegur
Cache-Control: max-age=14400
CF-Cache-Status: HIT
Age: 755
Expect-CT: max-age=604800, report-uri="https://report-uri.cloudflare.com/cdn-cgi/beacon/expect-ct"
Report-To: {"endpoints":[{"url":"https:\/\/a.nel.cloudflare.com\/report\/v3?s=KNhGX5suUlylpDJmpaWPCxWTEecp1sQ1kwdFA4SrQ6wmiQJWeUzQbHBDAIJSdYYA2XL32g0lU0V%2BIHeFuyv5V9wziaayTYYqqpVWEiF2bdTS9KY1DSQNqvspVEE%3D"}],"group":"cf-nel","max_age":604800}
NEL: {"success_fraction":0,"report_to":"cf-nel","max_age":604800}
Vary: Accept-Encoding
Server: cloudflare
CF-RAY: 6d6dd4e8adf38da2-MIA
Content-Encoding: gzip
alt-svc: h3=":443"; ma=86400, h3-29=":443"; ma=86400

{
    "data": {
        "id": 2,
        "email": "janet.weaver@reqres.in",
        "first_name": "Janet",
        "last_name": "Weaver",
        "avatar": "https://reqres.in/img/faces/2-image.jpg"
    },
    "support": {
        "url": "https://reqres.in/#support-heading",
        "text": "To keep ReqRes free, contributions towards server costs are appreciated!"
    }
}
]]></system-out>
  <system-err><![CDATA[]]></system-err>
</testsuite>
