<?xml version="1.0" encoding="UTF-8"?>
<testsuite name="ReqResTests_4" tests="3" skipped="0" failures="0" errors="0" timestamp="2022-07-22T16:03:22" hostname="AR-IT25022" time="1.93">
  <properties/>
  <testcase name="putUserTest" classname="ReqResTests_4" time="0.689"/>
  <testcase name="patchUserTest" classname="ReqResTests_4" time="0.624"/>
  <testcase name="deleteUserTest" classname="ReqResTests_4" time="0.617"/>
  <system-out><![CDATA[Request method:	PUT
Request URI:	https://reqres.in/api/users/2
Proxy:			<none>
Request params:	<none>
Query params:	<none>
Form params:	<none>
Path params:	<none>
Headers:		Accept=*/*
				Content-Type=application/json; charset=UTF-8
Cookies:		<none>
Multiparts:		<none>
Body:
{
    "name": "morpheus",
    "job": "zion resident"
}
Request method:	PUT
Request URI:	https://reqres.in/api/users/2
Proxy:			<none>
Request params:	<none>
Query params:	<none>
Form params:	<none>
Path params:	<none>
Headers:		Accept=*/*
				Content-Type=application/json; charset=UTF-8
Cookies:		<none>
Multiparts:		<none>
Body:
{
    "name": "morpheus",
    "job": "zion resident"
}
Request method:	PUT
Request URI:	https://reqres.in/api/users/2
Proxy:			<none>
Request params:	<none>
Query params:	<none>
Form params:	<none>
Path params:	<none>
Headers:		Accept=*/*
				Content-Type=application/json; charset=UTF-8
Cookies:		<none>
Multiparts:		<none>
Body:
{
    "name": "morpheus",
    "job": "zion resident"
}
13:03:22.717 [Test worker] ERROR io.qameta.allure.AllureLifecycle - Could not add attachment: no test is running
13:03:23.354 [Test worker] ERROR io.qameta.allure.AllureLifecycle - Could not add attachment: no test is running
HTTP/1.1 200 OK
Date: Fri, 22 Jul 2022 16:02:38 GMT
Content-Type: application/json; charset=utf-8
Transfer-Encoding: chunked
Connection: keep-alive
X-Powered-By: Express
Access-Control-Allow-Origin: *
Etag: W/"50-bJJXLJdbFrOnMBPOh6Sk+3HFaDI"
Via: 1.1 vegur
CF-Cache-Status: DYNAMIC
Expect-CT: max-age=604800, report-uri="https://report-uri.cloudflare.com/cdn-cgi/beacon/expect-ct"
Report-To: {"endpoints":[{"url":"https:\/\/a.nel.cloudflare.com\/report\/v3?s=edAURpxvPQRvU5E9yPG01RZUtwX%2Fmc7Q2zLj8DNff97CSFIjWdfHUhIveRhdJDoi%2BVqNCoXc38%2F9uzNSG4YD9REJMk7G6Oh%2BBwDwQIHLi0DUmT0HuZ4ukTkvxQ%3D%3D"}],"group":"cf-nel","max_age":604800}
NEL: {"success_fraction":0,"report_to":"cf-nel","max_age":604800}
Vary: Accept-Encoding
Server: cloudflare
CF-RAY: 72ed66d9ff6174d7-EZE
Content-Encoding: gzip

{
    "name": "morpheus",
    "job": "zion resident",
    "updatedAt": "2022-07-22T16:02:38.094Z"
}
HTTP/1.1 200 OK
Date: Fri, 22 Jul 2022 16:02:38 GMT
Content-Type: application/json; charset=utf-8
Transfer-Encoding: chunked
Connection: keep-alive
X-Powered-By: Express
Access-Control-Allow-Origin: *
Etag: W/"50-bJJXLJdbFrOnMBPOh6Sk+3HFaDI"
Via: 1.1 vegur
CF-Cache-Status: DYNAMIC
Expect-CT: max-age=604800, report-uri="https://report-uri.cloudflare.com/cdn-cgi/beacon/expect-ct"
Report-To: {"endpoints":[{"url":"https:\/\/a.nel.cloudflare.com\/report\/v3?s=edAURpxvPQRvU5E9yPG01RZUtwX%2Fmc7Q2zLj8DNff97CSFIjWdfHUhIveRhdJDoi%2BVqNCoXc38%2F9uzNSG4YD9REJMk7G6Oh%2BBwDwQIHLi0DUmT0HuZ4ukTkvxQ%3D%3D"}],"group":"cf-nel","max_age":604800}
NEL: {"success_fraction":0,"report_to":"cf-nel","max_age":604800}
Vary: Accept-Encoding
Server: cloudflare
CF-RAY: 72ed66d9ff6174d7-EZE
Content-Encoding: gzip

{
    "name": "morpheus",
    "job": "zion resident",
    "updatedAt": "2022-07-22T16:02:38.094Z"
}
HTTP/1.1 200 OK
Date: Fri, 22 Jul 2022 16:02:38 GMT
Content-Type: application/json; charset=utf-8
Transfer-Encoding: chunked
Connection: keep-alive
X-Powered-By: Express
Access-Control-Allow-Origin: *
Etag: W/"50-bJJXLJdbFrOnMBPOh6Sk+3HFaDI"
Via: 1.1 vegur
CF-Cache-Status: DYNAMIC
Expect-CT: max-age=604800, report-uri="https://report-uri.cloudflare.com/cdn-cgi/beacon/expect-ct"
Report-To: {"endpoints":[{"url":"https:\/\/a.nel.cloudflare.com\/report\/v3?s=edAURpxvPQRvU5E9yPG01RZUtwX%2Fmc7Q2zLj8DNff97CSFIjWdfHUhIveRhdJDoi%2BVqNCoXc38%2F9uzNSG4YD9REJMk7G6Oh%2BBwDwQIHLi0DUmT0HuZ4ukTkvxQ%3D%3D"}],"group":"cf-nel","max_age":604800}
NEL: {"success_fraction":0,"report_to":"cf-nel","max_age":604800}
Vary: Accept-Encoding
Server: cloudflare
CF-RAY: 72ed66d9ff6174d7-EZE
Content-Encoding: gzip

{
    "name": "morpheus",
    "job": "zion resident",
    "updatedAt": "2022-07-22T16:02:38.094Z"
}
Request method:	PATCH
Request URI:	https://reqres.in/api/users/2
Proxy:			<none>
Request params:	<none>
Query params:	<none>
Form params:	<none>
Path params:	<none>
Headers:		Accept=*/*
				Content-Type=application/json; charset=UTF-8
Cookies:		<none>
Multiparts:		<none>
Body:
{
    "name": "morpheus",
    "job": "zion resident"
}
Request method:	PATCH
Request URI:	https://reqres.in/api/users/2
Proxy:			<none>
Request params:	<none>
Query params:	<none>
Form params:	<none>
Path params:	<none>
Headers:		Accept=*/*
				Content-Type=application/json; charset=UTF-8
Cookies:		<none>
Multiparts:		<none>
Body:
{
    "name": "morpheus",
    "job": "zion resident"
}
Request method:	PATCH
Request URI:	https://reqres.in/api/users/2
Proxy:			<none>
Request params:	<none>
Query params:	<none>
Form params:	<none>
Path params:	<none>
Headers:		Accept=*/*
				Content-Type=application/json; charset=UTF-8
Cookies:		<none>
Multiparts:		<none>
Body:
{
    "name": "morpheus",
    "job": "zion resident"
}
Request method:	PATCH
Request URI:	https://reqres.in/api/users/2
Proxy:			<none>
Request params:	<none>
Query params:	<none>
Form params:	<none>
Path params:	<none>
Headers:		Accept=*/*
				Content-Type=application/json; charset=UTF-8
Cookies:		<none>
Multiparts:		<none>
Body:
{
    "name": "morpheus",
    "job": "zion resident"
}
13:03:23.405 [Test worker] ERROR io.qameta.allure.AllureLifecycle - Could not add attachment: no test is running
13:03:23.999 [Test worker] ERROR io.qameta.allure.AllureLifecycle - Could not add attachment: no test is running
HTTP/1.1 200 OK
Date: Fri, 22 Jul 2022 16:02:38 GMT
Content-Type: application/json; charset=utf-8
Transfer-Encoding: chunked
Connection: keep-alive
X-Powered-By: Express
Access-Control-Allow-Origin: *
Etag: W/"50-uTZWv0lTLdwjdRe2Zseq1xi1Ex4"
Via: 1.1 vegur
CF-Cache-Status: DYNAMIC
Expect-CT: max-age=604800, report-uri="https://report-uri.cloudflare.com/cdn-cgi/beacon/expect-ct"
Report-To: {"endpoints":[{"url":"https:\/\/a.nel.cloudflare.com\/report\/v3?s=9qyecK%2FNn%2BkS3E9qFgxqmNuiBVVGX%2Fkj57gjroxEl7IK9x0trj3YTqoXpIpuiJEfrbLwboQHJL5vF%2B1%2BzMzlpquloEMl3vlc2oGSNk5RFkoh2GU5pwoU1kMyfA%3D%3D"}],"group":"cf-nel","max_age":604800}
NEL: {"success_fraction":0,"report_to":"cf-nel","max_age":604800}
Server: cloudflare
CF-RAY: 72ed66de0945f7f6-EZE
Content-Encoding: gzip

{
    "name": "morpheus",
    "job": "zion resident",
    "updatedAt": "2022-07-22T16:02:38.741Z"
}
HTTP/1.1 200 OK
Date: Fri, 22 Jul 2022 16:02:38 GMT
Content-Type: application/json; charset=utf-8
Transfer-Encoding: chunked
Connection: keep-alive
X-Powered-By: Express
Access-Control-Allow-Origin: *
Etag: W/"50-uTZWv0lTLdwjdRe2Zseq1xi1Ex4"
Via: 1.1 vegur
CF-Cache-Status: DYNAMIC
Expect-CT: max-age=604800, report-uri="https://report-uri.cloudflare.com/cdn-cgi/beacon/expect-ct"
Report-To: {"endpoints":[{"url":"https:\/\/a.nel.cloudflare.com\/report\/v3?s=9qyecK%2FNn%2BkS3E9qFgxqmNuiBVVGX%2Fkj57gjroxEl7IK9x0trj3YTqoXpIpuiJEfrbLwboQHJL5vF%2B1%2BzMzlpquloEMl3vlc2oGSNk5RFkoh2GU5pwoU1kMyfA%3D%3D"}],"group":"cf-nel","max_age":604800}
NEL: {"success_fraction":0,"report_to":"cf-nel","max_age":604800}
Server: cloudflare
CF-RAY: 72ed66de0945f7f6-EZE
Content-Encoding: gzip

{
    "name": "morpheus",
    "job": "zion resident",
    "updatedAt": "2022-07-22T16:02:38.741Z"
}
HTTP/1.1 200 OK
Date: Fri, 22 Jul 2022 16:02:38 GMT
Content-Type: application/json; charset=utf-8
Transfer-Encoding: chunked
Connection: keep-alive
X-Powered-By: Express
Access-Control-Allow-Origin: *
Etag: W/"50-uTZWv0lTLdwjdRe2Zseq1xi1Ex4"
Via: 1.1 vegur
CF-Cache-Status: DYNAMIC
Expect-CT: max-age=604800, report-uri="https://report-uri.cloudflare.com/cdn-cgi/beacon/expect-ct"
Report-To: {"endpoints":[{"url":"https:\/\/a.nel.cloudflare.com\/report\/v3?s=9qyecK%2FNn%2BkS3E9qFgxqmNuiBVVGX%2Fkj57gjroxEl7IK9x0trj3YTqoXpIpuiJEfrbLwboQHJL5vF%2B1%2BzMzlpquloEMl3vlc2oGSNk5RFkoh2GU5pwoU1kMyfA%3D%3D"}],"group":"cf-nel","max_age":604800}
NEL: {"success_fraction":0,"report_to":"cf-nel","max_age":604800}
Server: cloudflare
CF-RAY: 72ed66de0945f7f6-EZE
Content-Encoding: gzip

{
    "name": "morpheus",
    "job": "zion resident",
    "updatedAt": "2022-07-22T16:02:38.741Z"
}
HTTP/1.1 200 OK
Date: Fri, 22 Jul 2022 16:02:38 GMT
Content-Type: application/json; charset=utf-8
Transfer-Encoding: chunked
Connection: keep-alive
X-Powered-By: Express
Access-Control-Allow-Origin: *
Etag: W/"50-uTZWv0lTLdwjdRe2Zseq1xi1Ex4"
Via: 1.1 vegur
CF-Cache-Status: DYNAMIC
Expect-CT: max-age=604800, report-uri="https://report-uri.cloudflare.com/cdn-cgi/beacon/expect-ct"
Report-To: {"endpoints":[{"url":"https:\/\/a.nel.cloudflare.com\/report\/v3?s=9qyecK%2FNn%2BkS3E9qFgxqmNuiBVVGX%2Fkj57gjroxEl7IK9x0trj3YTqoXpIpuiJEfrbLwboQHJL5vF%2B1%2BzMzlpquloEMl3vlc2oGSNk5RFkoh2GU5pwoU1kMyfA%3D%3D"}],"group":"cf-nel","max_age":604800}
NEL: {"success_fraction":0,"report_to":"cf-nel","max_age":604800}
Server: cloudflare
CF-RAY: 72ed66de0945f7f6-EZE
Content-Encoding: gzip

{
    "name": "morpheus",
    "job": "zion resident",
    "updatedAt": "2022-07-22T16:02:38.741Z"
}
Request method:	DELETE
Request URI:	https://reqres.in/api/users/2
Proxy:			<none>
Request params:	<none>
Query params:	<none>
Form params:	<none>
Path params:	<none>
Headers:		Accept=*/*
				Content-Type=application/json; charset=UTF-8
Cookies:		<none>
Multiparts:		<none>
Body:			<none>
Request method:	DELETE
Request URI:	https://reqres.in/api/users/2
Proxy:			<none>
Request params:	<none>
Query params:	<none>
Form params:	<none>
Path params:	<none>
Headers:		Accept=*/*
				Content-Type=application/json; charset=UTF-8
Cookies:		<none>
Multiparts:		<none>
Body:			<none>
Request method:	DELETE
Request URI:	https://reqres.in/api/users/2
Proxy:			<none>
Request params:	<none>
Query params:	<none>
Form params:	<none>
Path params:	<none>
Headers:		Accept=*/*
				Content-Type=application/json; charset=UTF-8
Cookies:		<none>
Multiparts:		<none>
Body:			<none>
Request method:	DELETE
Request URI:	https://reqres.in/api/users/2
Proxy:			<none>
Request params:	<none>
Query params:	<none>
Form params:	<none>
Path params:	<none>
Headers:		Accept=*/*
				Content-Type=application/json; charset=UTF-8
Cookies:		<none>
Multiparts:		<none>
Body:			<none>
Request method:	DELETE
Request URI:	https://reqres.in/api/users/2
Proxy:			<none>
Request params:	<none>
Query params:	<none>
Form params:	<none>
Path params:	<none>
Headers:		Accept=*/*
				Content-Type=application/json; charset=UTF-8
Cookies:		<none>
Multiparts:		<none>
Body:			<none>
Request method:	DELETE
Request URI:	https://reqres.in/api/users/2
Proxy:			<none>
Request params:	<none>
Query params:	<none>
Form params:	<none>
Path params:	<none>
Headers:		Accept=*/*
				Content-Type=application/json; charset=UTF-8
Cookies:		<none>
Multiparts:		<none>
Body:			<none>
13:03:24.029 [Test worker] ERROR io.qameta.allure.AllureLifecycle - Could not add attachment: no test is running
13:03:24.628 [Test worker] ERROR io.qameta.allure.AllureLifecycle - Could not add attachment: no test is running
HTTP/1.1 204 No Content
Date: Fri, 22 Jul 2022 16:02:39 GMT
Content-Length: 0
Connection: keep-alive
X-Powered-By: Express
Access-Control-Allow-Origin: *
Etag: W/"2-vyGp6PvFo4RvsFtPoIWeCReyIC8"
Via: 1.1 vegur
CF-Cache-Status: DYNAMIC
Expect-CT: max-age=604800, report-uri="https://report-uri.cloudflare.com/cdn-cgi/beacon/expect-ct"
Report-To: {"endpoints":[{"url":"https:\/\/a.nel.cloudflare.com\/report\/v3?s=oQez9ueARO6Ld0BGFPyx22uB8WixeFXW%2BsjZNpT5Fv1npJNEbdeRbTEV7LfpCIDYhh83dd6Mu3%2ByuF1bKCDh8VbpxNB0qSuPVgZG8%2FW7nkBRIOLzFm7RJI0QeQ%3D%3D"}],"group":"cf-nel","max_age":604800}
NEL: {"success_fraction":0,"report_to":"cf-nel","max_age":604800}
Server: cloudflare
CF-RAY: 72ed66e1e8bff7ea-EZE
HTTP/1.1 204 No Content
Date: Fri, 22 Jul 2022 16:02:39 GMT
Content-Length: 0
Connection: keep-alive
X-Powered-By: Express
Access-Control-Allow-Origin: *
Etag: W/"2-vyGp6PvFo4RvsFtPoIWeCReyIC8"
Via: 1.1 vegur
CF-Cache-Status: DYNAMIC
Expect-CT: max-age=604800, report-uri="https://report-uri.cloudflare.com/cdn-cgi/beacon/expect-ct"
Report-To: {"endpoints":[{"url":"https:\/\/a.nel.cloudflare.com\/report\/v3?s=oQez9ueARO6Ld0BGFPyx22uB8WixeFXW%2BsjZNpT5Fv1npJNEbdeRbTEV7LfpCIDYhh83dd6Mu3%2ByuF1bKCDh8VbpxNB0qSuPVgZG8%2FW7nkBRIOLzFm7RJI0QeQ%3D%3D"}],"group":"cf-nel","max_age":604800}
NEL: {"success_fraction":0,"report_to":"cf-nel","max_age":604800}
Server: cloudflare
CF-RAY: 72ed66e1e8bff7ea-EZE
HTTP/1.1 204 No Content
Date: Fri, 22 Jul 2022 16:02:39 GMT
Content-Length: 0
Connection: keep-alive
X-Powered-By: Express
Access-Control-Allow-Origin: *
Etag: W/"2-vyGp6PvFo4RvsFtPoIWeCReyIC8"
Via: 1.1 vegur
CF-Cache-Status: DYNAMIC
Expect-CT: max-age=604800, report-uri="https://report-uri.cloudflare.com/cdn-cgi/beacon/expect-ct"
Report-To: {"endpoints":[{"url":"https:\/\/a.nel.cloudflare.com\/report\/v3?s=oQez9ueARO6Ld0BGFPyx22uB8WixeFXW%2BsjZNpT5Fv1npJNEbdeRbTEV7LfpCIDYhh83dd6Mu3%2ByuF1bKCDh8VbpxNB0qSuPVgZG8%2FW7nkBRIOLzFm7RJI0QeQ%3D%3D"}],"group":"cf-nel","max_age":604800}
NEL: {"success_fraction":0,"report_to":"cf-nel","max_age":604800}
Server: cloudflare
CF-RAY: 72ed66e1e8bff7ea-EZE
HTTP/1.1 204 No Content
Date: Fri, 22 Jul 2022 16:02:39 GMT
Content-Length: 0
Connection: keep-alive
X-Powered-By: Express
Access-Control-Allow-Origin: *
Etag: W/"2-vyGp6PvFo4RvsFtPoIWeCReyIC8"
Via: 1.1 vegur
CF-Cache-Status: DYNAMIC
Expect-CT: max-age=604800, report-uri="https://report-uri.cloudflare.com/cdn-cgi/beacon/expect-ct"
Report-To: {"endpoints":[{"url":"https:\/\/a.nel.cloudflare.com\/report\/v3?s=oQez9ueARO6Ld0BGFPyx22uB8WixeFXW%2BsjZNpT5Fv1npJNEbdeRbTEV7LfpCIDYhh83dd6Mu3%2ByuF1bKCDh8VbpxNB0qSuPVgZG8%2FW7nkBRIOLzFm7RJI0QeQ%3D%3D"}],"group":"cf-nel","max_age":604800}
NEL: {"success_fraction":0,"report_to":"cf-nel","max_age":604800}
Server: cloudflare
CF-RAY: 72ed66e1e8bff7ea-EZE
HTTP/1.1 204 No Content
Date: Fri, 22 Jul 2022 16:02:39 GMT
Content-Length: 0
Connection: keep-alive
X-Powered-By: Express
Access-Control-Allow-Origin: *
Etag: W/"2-vyGp6PvFo4RvsFtPoIWeCReyIC8"
Via: 1.1 vegur
CF-Cache-Status: DYNAMIC
Expect-CT: max-age=604800, report-uri="https://report-uri.cloudflare.com/cdn-cgi/beacon/expect-ct"
Report-To: {"endpoints":[{"url":"https:\/\/a.nel.cloudflare.com\/report\/v3?s=oQez9ueARO6Ld0BGFPyx22uB8WixeFXW%2BsjZNpT5Fv1npJNEbdeRbTEV7LfpCIDYhh83dd6Mu3%2ByuF1bKCDh8VbpxNB0qSuPVgZG8%2FW7nkBRIOLzFm7RJI0QeQ%3D%3D"}],"group":"cf-nel","max_age":604800}
NEL: {"success_fraction":0,"report_to":"cf-nel","max_age":604800}
Server: cloudflare
CF-RAY: 72ed66e1e8bff7ea-EZE
]]></system-out>
  <system-err><![CDATA[]]></system-err>
</testsuite>
