<?xml version="1.0" encoding="UTF-8"?>
<testsuite name="ReqResTests_7" tests="1" skipped="0" failures="0" errors="0" timestamp="2022-07-20T21:23:45" hostname="AR-IT25022" time="0.694">
  <properties/>
  <testcase name="createUserTest" classname="ReqResTests_7" time="0.694"/>
  <system-out><![CDATA[Request method:	POST
Request URI:	https://reqres.in/api/users
Proxy:			<none>
Request params:	<none>
Query params:	<none>
Form params:	<none>
Path params:	<none>
Headers:		Accept=*/*
				Content-Type=application/json; charset=UTF-8
Cookies:		<none>
Multiparts:		<none>
Body:
{
    "name": "morpheus",
    "job": "leader"
}
Request method:	POST
Request URI:	https://reqres.in/api/users
Proxy:			<none>
Request params:	<none>
Query params:	<none>
Form params:	<none>
Path params:	<none>
Headers:		Accept=*/*
				Content-Type=application/json; charset=UTF-8
Cookies:		<none>
Multiparts:		<none>
Body:
{
    "name": "morpheus",
    "job": "leader"
}
Request method:	POST
Request URI:	https://reqres.in/api/users
Proxy:			<none>
Request params:	<none>
Query params:	<none>
Form params:	<none>
Path params:	<none>
Headers:		Accept=*/*
				Content-Type=application/json; charset=UTF-8
Cookies:		<none>
Multiparts:		<none>
Body:
{
    "name": "morpheus",
    "job": "leader"
}
Request method:	POST
Request URI:	https://reqres.in/api/users
Proxy:			<none>
Request params:	<none>
Query params:	<none>
Form params:	<none>
Path params:	<none>
Headers:		Accept=*/*
				Content-Type=application/json; charset=UTF-8
Cookies:		<none>
Multiparts:		<none>
Body:
{
    "name": "morpheus",
    "job": "leader"
}
Request method:	POST
Request URI:	https://reqres.in/api/users
Proxy:			<none>
Request params:	<none>
Query params:	<none>
Form params:	<none>
Path params:	<none>
Headers:		Accept=*/*
				Content-Type=application/json; charset=UTF-8
Cookies:		<none>
Multiparts:		<none>
Body:
{
    "name": "morpheus",
    "job": "leader"
}
Request method:	POST
Request URI:	https://reqres.in/api/users
Proxy:			<none>
Request params:	<none>
Query params:	<none>
Form params:	<none>
Path params:	<none>
Headers:		Accept=*/*
				Content-Type=application/json; charset=UTF-8
Cookies:		<none>
Multiparts:		<none>
Body:
{
    "name": "morpheus",
    "job": "leader"
}
Request method:	POST
Request URI:	https://reqres.in/api/users
Proxy:			<none>
Request params:	<none>
Query params:	<none>
Form params:	<none>
Path params:	<none>
Headers:		Accept=*/*
				Content-Type=application/json; charset=UTF-8
Cookies:		<none>
Multiparts:		<none>
Body:
{
    "name": "morpheus",
    "job": "leader"
}
Request method:	POST
Request URI:	https://reqres.in/api/users
Proxy:			<none>
Request params:	<none>
Query params:	<none>
Form params:	<none>
Path params:	<none>
Headers:		Accept=*/*
				Content-Type=application/json; charset=UTF-8
Cookies:		<none>
Multiparts:		<none>
Body:
{
    "name": "morpheus",
    "job": "leader"
}
HTTP/1.1 201 Created
Date: Wed, 20 Jul 2022 21:23:00 GMT
Content-Type: application/json; charset=utf-8
Content-Length: 84
Connection: keep-alive
X-Powered-By: Express
Access-Control-Allow-Origin: *
Etag: W/"54-/FLXpgP5eg4yXy4Cc3oNElKeOMQ"
Via: 1.1 vegur
CF-Cache-Status: DYNAMIC
Expect-CT: max-age=604800, report-uri="https://report-uri.cloudflare.com/cdn-cgi/beacon/expect-ct"
Report-To: {"endpoints":[{"url":"https:\/\/a.nel.cloudflare.com\/report\/v3?s=lHqVzCQgcXKfQjkrUJ0abADiVpLaD8xist%2FQn9X%2BNqQipJ%2BNP9l5OU49KNvgUDfDgLt4lIaliO7oVc%2FHf2z01O1ssJgURLxLKJx2m32dn40PiThrBSqzJK%2FosA%3D%3D"}],"group":"cf-nel","max_age":604800}
NEL: {"success_fraction":0,"report_to":"cf-nel","max_age":604800}
Server: cloudflare
CF-RAY: 72dec1677e0aba79-EZE

{
    "name": "morpheus",
    "job": "leader",
    "id": "237",
    "createdAt": "2022-07-20T21:23:00.785Z"
}
HTTP/1.1 201 Created
Date: Wed, 20 Jul 2022 21:23:00 GMT
Content-Type: application/json; charset=utf-8
Content-Length: 84
Connection: keep-alive
X-Powered-By: Express
Access-Control-Allow-Origin: *
Etag: W/"54-/FLXpgP5eg4yXy4Cc3oNElKeOMQ"
Via: 1.1 vegur
CF-Cache-Status: DYNAMIC
Expect-CT: max-age=604800, report-uri="https://report-uri.cloudflare.com/cdn-cgi/beacon/expect-ct"
Report-To: {"endpoints":[{"url":"https:\/\/a.nel.cloudflare.com\/report\/v3?s=lHqVzCQgcXKfQjkrUJ0abADiVpLaD8xist%2FQn9X%2BNqQipJ%2BNP9l5OU49KNvgUDfDgLt4lIaliO7oVc%2FHf2z01O1ssJgURLxLKJx2m32dn40PiThrBSqzJK%2FosA%3D%3D"}],"group":"cf-nel","max_age":604800}
NEL: {"success_fraction":0,"report_to":"cf-nel","max_age":604800}
Server: cloudflare
CF-RAY: 72dec1677e0aba79-EZE

{
    "name": "morpheus",
    "job": "leader",
    "id": "237",
    "createdAt": "2022-07-20T21:23:00.785Z"
}
HTTP/1.1 201 Created
Date: Wed, 20 Jul 2022 21:23:00 GMT
Content-Type: application/json; charset=utf-8
Content-Length: 84
Connection: keep-alive
X-Powered-By: Express
Access-Control-Allow-Origin: *
Etag: W/"54-/FLXpgP5eg4yXy4Cc3oNElKeOMQ"
Via: 1.1 vegur
CF-Cache-Status: DYNAMIC
Expect-CT: max-age=604800, report-uri="https://report-uri.cloudflare.com/cdn-cgi/beacon/expect-ct"
Report-To: {"endpoints":[{"url":"https:\/\/a.nel.cloudflare.com\/report\/v3?s=lHqVzCQgcXKfQjkrUJ0abADiVpLaD8xist%2FQn9X%2BNqQipJ%2BNP9l5OU49KNvgUDfDgLt4lIaliO7oVc%2FHf2z01O1ssJgURLxLKJx2m32dn40PiThrBSqzJK%2FosA%3D%3D"}],"group":"cf-nel","max_age":604800}
NEL: {"success_fraction":0,"report_to":"cf-nel","max_age":604800}
Server: cloudflare
CF-RAY: 72dec1677e0aba79-EZE

{
    "name": "morpheus",
    "job": "leader",
    "id": "237",
    "createdAt": "2022-07-20T21:23:00.785Z"
}
HTTP/1.1 201 Created
Date: Wed, 20 Jul 2022 21:23:00 GMT
Content-Type: application/json; charset=utf-8
Content-Length: 84
Connection: keep-alive
X-Powered-By: Express
Access-Control-Allow-Origin: *
Etag: W/"54-/FLXpgP5eg4yXy4Cc3oNElKeOMQ"
Via: 1.1 vegur
CF-Cache-Status: DYNAMIC
Expect-CT: max-age=604800, report-uri="https://report-uri.cloudflare.com/cdn-cgi/beacon/expect-ct"
Report-To: {"endpoints":[{"url":"https:\/\/a.nel.cloudflare.com\/report\/v3?s=lHqVzCQgcXKfQjkrUJ0abADiVpLaD8xist%2FQn9X%2BNqQipJ%2BNP9l5OU49KNvgUDfDgLt4lIaliO7oVc%2FHf2z01O1ssJgURLxLKJx2m32dn40PiThrBSqzJK%2FosA%3D%3D"}],"group":"cf-nel","max_age":604800}
NEL: {"success_fraction":0,"report_to":"cf-nel","max_age":604800}
Server: cloudflare
CF-RAY: 72dec1677e0aba79-EZE

{
    "name": "morpheus",
    "job": "leader",
    "id": "237",
    "createdAt": "2022-07-20T21:23:00.785Z"
}
HTTP/1.1 201 Created
Date: Wed, 20 Jul 2022 21:23:00 GMT
Content-Type: application/json; charset=utf-8
Content-Length: 84
Connection: keep-alive
X-Powered-By: Express
Access-Control-Allow-Origin: *
Etag: W/"54-/FLXpgP5eg4yXy4Cc3oNElKeOMQ"
Via: 1.1 vegur
CF-Cache-Status: DYNAMIC
Expect-CT: max-age=604800, report-uri="https://report-uri.cloudflare.com/cdn-cgi/beacon/expect-ct"
Report-To: {"endpoints":[{"url":"https:\/\/a.nel.cloudflare.com\/report\/v3?s=lHqVzCQgcXKfQjkrUJ0abADiVpLaD8xist%2FQn9X%2BNqQipJ%2BNP9l5OU49KNvgUDfDgLt4lIaliO7oVc%2FHf2z01O1ssJgURLxLKJx2m32dn40PiThrBSqzJK%2FosA%3D%3D"}],"group":"cf-nel","max_age":604800}
NEL: {"success_fraction":0,"report_to":"cf-nel","max_age":604800}
Server: cloudflare
CF-RAY: 72dec1677e0aba79-EZE

{
    "name": "morpheus",
    "job": "leader",
    "id": "237",
    "createdAt": "2022-07-20T21:23:00.785Z"
}
HTTP/1.1 201 Created
Date: Wed, 20 Jul 2022 21:23:00 GMT
Content-Type: application/json; charset=utf-8
Content-Length: 84
Connection: keep-alive
X-Powered-By: Express
Access-Control-Allow-Origin: *
Etag: W/"54-/FLXpgP5eg4yXy4Cc3oNElKeOMQ"
Via: 1.1 vegur
CF-Cache-Status: DYNAMIC
Expect-CT: max-age=604800, report-uri="https://report-uri.cloudflare.com/cdn-cgi/beacon/expect-ct"
Report-To: {"endpoints":[{"url":"https:\/\/a.nel.cloudflare.com\/report\/v3?s=lHqVzCQgcXKfQjkrUJ0abADiVpLaD8xist%2FQn9X%2BNqQipJ%2BNP9l5OU49KNvgUDfDgLt4lIaliO7oVc%2FHf2z01O1ssJgURLxLKJx2m32dn40PiThrBSqzJK%2FosA%3D%3D"}],"group":"cf-nel","max_age":604800}
NEL: {"success_fraction":0,"report_to":"cf-nel","max_age":604800}
Server: cloudflare
CF-RAY: 72dec1677e0aba79-EZE

{
    "name": "morpheus",
    "job": "leader",
    "id": "237",
    "createdAt": "2022-07-20T21:23:00.785Z"
}
HTTP/1.1 201 Created
Date: Wed, 20 Jul 2022 21:23:00 GMT
Content-Type: application/json; charset=utf-8
Content-Length: 84
Connection: keep-alive
X-Powered-By: Express
Access-Control-Allow-Origin: *
Etag: W/"54-/FLXpgP5eg4yXy4Cc3oNElKeOMQ"
Via: 1.1 vegur
CF-Cache-Status: DYNAMIC
Expect-CT: max-age=604800, report-uri="https://report-uri.cloudflare.com/cdn-cgi/beacon/expect-ct"
Report-To: {"endpoints":[{"url":"https:\/\/a.nel.cloudflare.com\/report\/v3?s=lHqVzCQgcXKfQjkrUJ0abADiVpLaD8xist%2FQn9X%2BNqQipJ%2BNP9l5OU49KNvgUDfDgLt4lIaliO7oVc%2FHf2z01O1ssJgURLxLKJx2m32dn40PiThrBSqzJK%2FosA%3D%3D"}],"group":"cf-nel","max_age":604800}
NEL: {"success_fraction":0,"report_to":"cf-nel","max_age":604800}
Server: cloudflare
CF-RAY: 72dec1677e0aba79-EZE

{
    "name": "morpheus",
    "job": "leader",
    "id": "237",
    "createdAt": "2022-07-20T21:23:00.785Z"
}
HTTP/1.1 201 Created
Date: Wed, 20 Jul 2022 21:23:00 GMT
Content-Type: application/json; charset=utf-8
Content-Length: 84
Connection: keep-alive
X-Powered-By: Express
Access-Control-Allow-Origin: *
Etag: W/"54-/FLXpgP5eg4yXy4Cc3oNElKeOMQ"
Via: 1.1 vegur
CF-Cache-Status: DYNAMIC
Expect-CT: max-age=604800, report-uri="https://report-uri.cloudflare.com/cdn-cgi/beacon/expect-ct"
Report-To: {"endpoints":[{"url":"https:\/\/a.nel.cloudflare.com\/report\/v3?s=lHqVzCQgcXKfQjkrUJ0abADiVpLaD8xist%2FQn9X%2BNqQipJ%2BNP9l5OU49KNvgUDfDgLt4lIaliO7oVc%2FHf2z01O1ssJgURLxLKJx2m32dn40PiThrBSqzJK%2FosA%3D%3D"}],"group":"cf-nel","max_age":604800}
NEL: {"success_fraction":0,"report_to":"cf-nel","max_age":604800}
Server: cloudflare
CF-RAY: 72dec1677e0aba79-EZE

{
    "name": "morpheus",
    "job": "leader",
    "id": "237",
    "createdAt": "2022-07-20T21:23:00.785Z"
}
****************************************
User{createdAt='2022-07-20T21:23:00.785Z', name='morpheus', id='237', job='leader'}
]]></system-out>
  <system-err><![CDATA[]]></system-err>
</testsuite>
